[2022-09-21 19:30:29.050 -05:00 INF] Entity Framework Core 6.0.8 initialized 'TiendaContext' using provider 'Pomelo.EntityFrameworkCore.MySql:6.0.2' with options: ServerVersion 8.0.28-mysql 
[2022-09-21 19:34:51.930 -05:00 INF] Entity Framework Core 6.0.8 initialized 'TiendaContext' using provider 'Pomelo.EntityFrameworkCore.MySql:6.0.2' with options: ServerVersion 8.0.28-mysql 
[2022-09-21 19:34:52.387 -05:00 INF] Executed DbCommand (11ms) [Parameters=[], CommandType='"Text"', CommandTimeout='30']
SELECT 1 FROM INFORMATION_SCHEMA.TABLES WHERE TABLE_SCHEMA='tiendaBD' AND TABLE_NAME='__EFMigrationsHistory';
[2022-09-21 19:34:52.403 -05:00 INF] Executed DbCommand (1ms) [Parameters=[], CommandType='"Text"', CommandTimeout='30']
SELECT 1 FROM INFORMATION_SCHEMA.TABLES WHERE TABLE_SCHEMA='tiendaBD' AND TABLE_NAME='__EFMigrationsHistory';
[2022-09-21 19:34:52.427 -05:00 INF] Executed DbCommand (2ms) [Parameters=[], CommandType='"Text"', CommandTimeout='30']
SELECT `MigrationId`, `ProductVersion`
FROM `__EFMigrationsHistory`
ORDER BY `MigrationId`;
[2022-09-21 19:34:52.447 -05:00 INF] Applying migration '20220922003029_MigrationMenu'.
[2022-09-21 19:34:52.587 -05:00 INF] Executed DbCommand (69ms) [Parameters=[], CommandType='"Text"', CommandTimeout='30']
CREATE TABLE `Menu` (
    `Id` int NOT NULL AUTO_INCREMENT,
    `Icono` varchar(400) CHARACTER SET utf8mb4 NULL,
    `Titulo` varchar(100) CHARACTER SET utf8mb4 NOT NULL,
    `Url` longtext CHARACTER SET utf8mb4 NULL,
    `Roles` varchar(400) CHARACTER SET utf8mb4 NOT NULL,
    `MenuIdPadre` int NOT NULL,
    `Activo` tinyint(1) NOT NULL,
    `FechaAlta` datetime(6) NOT NULL,
    CONSTRAINT `PK_Menu` PRIMARY KEY (`Id`)
) CHARACTER SET=utf8mb4;
[2022-09-21 19:34:52.592 -05:00 INF] Executed DbCommand (4ms) [Parameters=[], CommandType='"Text"', CommandTimeout='30']
INSERT INTO `__EFMigrationsHistory` (`MigrationId`, `ProductVersion`)
VALUES ('20220922003029_MigrationMenu', '6.0.8');
[2022-09-21 20:13:47.824 -05:00 INF] Entity Framework Core 6.0.8 initialized 'TiendaContext' using provider 'Pomelo.EntityFrameworkCore.MySql:6.0.2' with options: ServerVersion 8.0.28-mysql 
[2022-09-21 20:13:48.857 -05:00 INF] Executed DbCommand (23ms) [Parameters=[], CommandType='"Text"', CommandTimeout='30']
SELECT 1 FROM INFORMATION_SCHEMA.TABLES WHERE TABLE_SCHEMA='tiendaBD' AND TABLE_NAME='__EFMigrationsHistory';
[2022-09-21 20:13:48.922 -05:00 INF] Executed DbCommand (1ms) [Parameters=[], CommandType='"Text"', CommandTimeout='30']
SELECT 1 FROM INFORMATION_SCHEMA.TABLES WHERE TABLE_SCHEMA='tiendaBD' AND TABLE_NAME='__EFMigrationsHistory';
[2022-09-21 20:13:48.978 -05:00 INF] Executed DbCommand (10ms) [Parameters=[], CommandType='"Text"', CommandTimeout='30']
SELECT `MigrationId`, `ProductVersion`
FROM `__EFMigrationsHistory`
ORDER BY `MigrationId`;
[2022-09-21 20:13:49.010 -05:00 INF] No migrations were applied. The database is already up to date.
[2022-09-21 20:13:49.560 -05:00 INF] Executed DbCommand (2ms) [Parameters=[], CommandType='"Text"', CommandTimeout='30']
SELECT EXISTS (
    SELECT 1
    FROM `Marca` AS `m`)
[2022-09-21 20:13:49.569 -05:00 INF] Executed DbCommand (1ms) [Parameters=[], CommandType='"Text"', CommandTimeout='30']
SELECT EXISTS (
    SELECT 1
    FROM `Categoria` AS `c`)
[2022-09-21 20:13:49.574 -05:00 INF] Executed DbCommand (1ms) [Parameters=[], CommandType='"Text"', CommandTimeout='30']
SELECT EXISTS (
    SELECT 1
    FROM `Producto` AS `p`)
[2022-09-21 20:13:49.579 -05:00 INF] Executed DbCommand (1ms) [Parameters=[], CommandType='"Text"', CommandTimeout='30']
SELECT EXISTS (
    SELECT 1
    FROM `Rol` AS `r`)
[2022-09-21 20:13:49.972 -05:00 INF] User profile is available. Using 'C:\Users\diego.luna\AppData\Local\ASP.NET\DataProtection-Keys' as key repository and Windows DPAPI to encrypt keys at rest.
[2022-09-21 20:13:50.402 -05:00 INF] Now listening on: https://localhost:5001
[2022-09-21 20:13:50.404 -05:00 INF] Now listening on: http://localhost:5000
[2022-09-21 20:13:50.413 -05:00 INF] Application started. Press Ctrl+C to shut down.
[2022-09-21 20:13:50.415 -05:00 INF] Hosting environment: Development
[2022-09-21 20:13:50.417 -05:00 INF] Content root path: C:\ProyectosDiego\Core_Net6\BeerSoft.NetCore.Net6\BeerSoft.API\
[2022-09-21 20:14:02.025 -05:00 INF] Request starting HTTP/1.1 GET https://localhost:5001/api/Menus - -
[2022-09-21 20:14:03.114 -05:00 INF] Failed to validate the token.
Microsoft.IdentityModel.Tokens.SecurityTokenExpiredException: IDX10223: Lifetime validation failed. The token is expired. ValidTo: '15/09/2022 05:35:10 p. m.', Current time: '22/09/2022 01:14:03 a. m.'.
   at Microsoft.IdentityModel.Tokens.Validators.ValidateLifetime(Nullable`1 notBefore, Nullable`1 expires, SecurityToken securityToken, TokenValidationParameters validationParameters)
   at System.IdentityModel.Tokens.Jwt.JwtSecurityTokenHandler.ValidateTokenPayload(JwtSecurityToken jwtToken, TokenValidationParameters validationParameters, BaseConfiguration configuration)
   at System.IdentityModel.Tokens.Jwt.JwtSecurityTokenHandler.ValidateJWS(String token, TokenValidationParameters validationParameters, BaseConfiguration currentConfiguration, SecurityToken& signatureValidatedToken, ExceptionDispatchInfo& exceptionThrown)
--- End of stack trace from previous location ---
   at System.IdentityModel.Tokens.Jwt.JwtSecurityTokenHandler.ValidateToken(String token, JwtSecurityToken outerToken, TokenValidationParameters validationParameters, SecurityToken& signatureValidatedToken)
   at System.IdentityModel.Tokens.Jwt.JwtSecurityTokenHandler.ValidateToken(String token, TokenValidationParameters validationParameters, SecurityToken& validatedToken)
   at Microsoft.AspNetCore.Authentication.JwtBearer.JwtBearerHandler.HandleAuthenticateAsync()
[2022-09-21 20:14:03.345 -05:00 INF] Bearer was not authenticated. Failure message: IDX10223: Lifetime validation failed. The token is expired. ValidTo: '15/09/2022 05:35:10 p. m.', Current time: '22/09/2022 01:14:03 a. m.'.
[2022-09-21 20:14:03.353 -05:00 INF] Authorization failed. These requirements were not met:
DenyAnonymousAuthorizationRequirement: Requires an authenticated user.
[2022-09-21 20:14:03.363 -05:00 INF] AuthenticationScheme: Bearer was challenged.
[2022-09-21 20:14:03.401 -05:00 INF] Request finished HTTP/1.1 GET https://localhost:5001/api/Menus - - - 401 0 - 1378.6627ms
[2022-09-21 20:14:09.541 -05:00 INF] Request starting HTTP/1.1 POST https://localhost:5001/api/usuarios/token application/json 72
[2022-09-21 20:14:09.546 -05:00 INF] Failed to validate the token.
Microsoft.IdentityModel.Tokens.SecurityTokenExpiredException: IDX10223: Lifetime validation failed. The token is expired. ValidTo: '15/09/2022 05:35:10 p. m.', Current time: '22/09/2022 01:14:09 a. m.'.
   at Microsoft.IdentityModel.Tokens.Validators.ValidateLifetime(Nullable`1 notBefore, Nullable`1 expires, SecurityToken securityToken, TokenValidationParameters validationParameters)
   at System.IdentityModel.Tokens.Jwt.JwtSecurityTokenHandler.ValidateTokenPayload(JwtSecurityToken jwtToken, TokenValidationParameters validationParameters, BaseConfiguration configuration)
   at System.IdentityModel.Tokens.Jwt.JwtSecurityTokenHandler.ValidateJWS(String token, TokenValidationParameters validationParameters, BaseConfiguration currentConfiguration, SecurityToken& signatureValidatedToken, ExceptionDispatchInfo& exceptionThrown)
--- End of stack trace from previous location ---
   at System.IdentityModel.Tokens.Jwt.JwtSecurityTokenHandler.ValidateToken(String token, JwtSecurityToken outerToken, TokenValidationParameters validationParameters, SecurityToken& signatureValidatedToken)
   at System.IdentityModel.Tokens.Jwt.JwtSecurityTokenHandler.ValidateToken(String token, TokenValidationParameters validationParameters, SecurityToken& validatedToken)
   at Microsoft.AspNetCore.Authentication.JwtBearer.JwtBearerHandler.HandleAuthenticateAsync()
[2022-09-21 20:14:09.546 -05:00 INF] Bearer was not authenticated. Failure message: IDX10223: Lifetime validation failed. The token is expired. ValidTo: '15/09/2022 05:35:10 p. m.', Current time: '22/09/2022 01:14:09 a. m.'.
[2022-09-21 20:14:09.550 -05:00 INF] Executing endpoint 'BeerSoft.API.Controllers.UsuariosController.GetTokenAsync (BeerSoft.API)'
[2022-09-21 20:14:09.583 -05:00 INF] Route matched with {action = "GetToken", controller = "Usuarios"}. Executing controller action with signature System.Threading.Tasks.Task`1[Microsoft.AspNetCore.Mvc.IActionResult] GetTokenAsync(API.Dtos.LoginDto) on controller BeerSoft.API.Controllers.UsuariosController (BeerSoft.API).
[2022-09-21 20:14:09.647 -05:00 INF] Entity Framework Core 6.0.8 initialized 'TiendaContext' using provider 'Pomelo.EntityFrameworkCore.MySql:6.0.2' with options: ServerVersion 8.0.28-mysql 
[2022-09-21 20:14:10.015 -05:00 WRN] Compiling a query which loads related collections for more than one collection navigation, either via 'Include' or through projection, but no 'QuerySplittingBehavior' has been configured. By default, Entity Framework will use 'QuerySplittingBehavior.SingleQuery', which can potentially result in slow query performance. See https://go.microsoft.com/fwlink/?linkid=2134277 for more information. To identify the query that's triggering this warning call 'ConfigureWarnings(w => w.Throw(RelationalEventId.MultipleCollectionIncludeWarning))'.
[2022-09-21 20:14:10.126 -05:00 INF] Executed DbCommand (32ms) [Parameters=[@__ToLower_0='?' (Size = 200)], CommandType='"Text"', CommandTimeout='30']
SELECT `t`.`Id`, `t`.`ApellidoMaterno`, `t`.`ApellidoPaterno`, `t`.`Email`, `t`.`Nombres`, `t`.`Password`, `t`.`Username`, `t0`.`UsuarioId`, `t0`.`RolId`, `t0`.`Id`, `t0`.`Nombre`, `r0`.`Id`, `r0`.`Created`, `r0`.`Expires`, `r0`.`Revoked`, `r0`.`Token`, `r0`.`UsuarioId`
FROM (
    SELECT `u`.`Id`, `u`.`ApellidoMaterno`, `u`.`ApellidoPaterno`, `u`.`Email`, `u`.`Nombres`, `u`.`Password`, `u`.`Username`
    FROM `Usuario` AS `u`
    WHERE LOWER(`u`.`Username`) = @__ToLower_0
    LIMIT 1
) AS `t`
LEFT JOIN (
    SELECT `u0`.`UsuarioId`, `u0`.`RolId`, `r`.`Id`, `r`.`Nombre`
    FROM `UsuariosRoles` AS `u0`
    INNER JOIN `Rol` AS `r` ON `u0`.`RolId` = `r`.`Id`
) AS `t0` ON `t`.`Id` = `t0`.`UsuarioId`
LEFT JOIN `RefreshToken` AS `r0` ON `t`.`Id` = `r0`.`UsuarioId`
ORDER BY `t`.`Id`, `t0`.`UsuarioId`, `t0`.`RolId`, `t0`.`Id`
[2022-09-21 20:14:10.373 -05:00 INF] Executing OkObjectResult, writing value of type 'API.Dtos.DatosUsuarioDto'.
[2022-09-21 20:14:10.403 -05:00 INF] Executed action BeerSoft.API.Controllers.UsuariosController.GetTokenAsync (BeerSoft.API) in 811.2493ms
[2022-09-21 20:14:10.406 -05:00 INF] Executed endpoint 'BeerSoft.API.Controllers.UsuariosController.GetTokenAsync (BeerSoft.API)'
[2022-09-21 20:14:10.416 -05:00 INF] Request finished HTTP/1.1 POST https://localhost:5001/api/usuarios/token application/json 72 - 200 - application/json;+charset=utf-8 875.5393ms
[2022-09-21 20:14:18.111 -05:00 INF] Request starting HTTP/1.1 GET https://localhost:5001/api/Menus - -
[2022-09-21 20:14:18.134 -05:00 INF] Executing endpoint 'BeerSoft.API.Controllers.MenusController.Get (BeerSoft.API)'
[2022-09-21 20:14:18.137 -05:00 INF] Route matched with {action = "Get", controller = "Menus"}. Executing controller action with signature System.Threading.Tasks.Task`1[Microsoft.AspNetCore.Mvc.ActionResult`1[System.Collections.Generic.IEnumerable`1[BeerSoft.API.Dtos.MenuDto]]] Get() on controller BeerSoft.API.Controllers.MenusController (BeerSoft.API).
[2022-09-21 20:14:23.214 -05:00 INF] Entity Framework Core 6.0.8 initialized 'TiendaContext' using provider 'Pomelo.EntityFrameworkCore.MySql:6.0.2' with options: ServerVersion 8.0.28-mysql 
[2022-09-21 20:14:23.230 -05:00 INF] Executed DbCommand (1ms) [Parameters=[], CommandType='"Text"', CommandTimeout='30']
SELECT `m`.`Id`, `m`.`Activo`, `m`.`FechaAlta`, `m`.`Icono`, `m`.`MenuIdPadre`, `m`.`Roles`, `m`.`Titulo`, `m`.`Url`
FROM `Menu` AS `m`
[2022-09-21 20:14:28.339 -05:00 INF] Executed action BeerSoft.API.Controllers.MenusController.Get (BeerSoft.API) in 10202.1474ms
[2022-09-21 20:14:28.341 -05:00 INF] Executed endpoint 'BeerSoft.API.Controllers.MenusController.Get (BeerSoft.API)'
[2022-09-21 20:14:28.546 -05:00 ERR] Error mapping types.

Mapping types:
List`1 -> List`1
System.Collections.Generic.List`1[[BeerSoft.Core.Entities.Menu, BeerSoft.Core, Version=1.0.0.0, Culture=neutral, PublicKeyToken=null]] -> System.Collections.Generic.List`1[[BeerSoft.API.Dtos.MenuDto, BeerSoft.API, Version=1.0.0.0, Culture=neutral, PublicKeyToken=null]]
AutoMapper.AutoMapperMappingException: Error mapping types.

Mapping types:
List`1 -> List`1
System.Collections.Generic.List`1[[BeerSoft.Core.Entities.Menu, BeerSoft.Core, Version=1.0.0.0, Culture=neutral, PublicKeyToken=null]] -> System.Collections.Generic.List`1[[BeerSoft.API.Dtos.MenuDto, BeerSoft.API, Version=1.0.0.0, Culture=neutral, PublicKeyToken=null]]
 ---> AutoMapper.AutoMapperMappingException: Missing type map configuration or unsupported mapping.

Mapping types:
Menu -> MenuDto
BeerSoft.Core.Entities.Menu -> BeerSoft.API.Dtos.MenuDto
   at lambda_method227(Closure , Menu , MenuDto , ResolutionContext )
   at lambda_method226(Closure , Object , List`1 , ResolutionContext )
   --- End of inner exception stack trace ---
   at lambda_method226(Closure , Object , List`1 , ResolutionContext )
   at BeerSoft.API.Controllers.MenusController.Get() in C:\ProyectosDiego\Core_Net6\BeerSoft.NetCore.Net6\BeerSoft.API\Controllers\MenusController.cs:line 31
   at lambda_method175(Closure , Object )
   at Microsoft.AspNetCore.Mvc.Infrastructure.ActionMethodExecutor.AwaitableObjectResultExecutor.Execute(IActionResultTypeMapper mapper, ObjectMethodExecutor executor, Object controller, Object[] arguments)
   at Microsoft.AspNetCore.Mvc.Infrastructure.ControllerActionInvoker.<InvokeActionMethodAsync>g__Awaited|12_0(ControllerActionInvoker invoker, ValueTask`1 actionResultValueTask)
   at Microsoft.AspNetCore.Mvc.Infrastructure.ControllerActionInvoker.<InvokeNextActionFilterAsync>g__Awaited|10_0(ControllerActionInvoker invoker, Task lastTask, State next, Scope scope, Object state, Boolean isCompleted)
   at Microsoft.AspNetCore.Mvc.Infrastructure.ControllerActionInvoker.Rethrow(ActionExecutedContextSealed context)
   at Microsoft.AspNetCore.Mvc.Infrastructure.ControllerActionInvoker.Next(State& next, Scope& scope, Object& state, Boolean& isCompleted)
   at Microsoft.AspNetCore.Mvc.Infrastructure.ControllerActionInvoker.<InvokeInnerFilterAsync>g__Awaited|13_0(ControllerActionInvoker invoker, Task lastTask, State next, Scope scope, Object state, Boolean isCompleted)
   at Microsoft.AspNetCore.Mvc.Infrastructure.ResourceInvoker.<InvokeFilterPipelineAsync>g__Awaited|20_0(ResourceInvoker invoker, Task lastTask, State next, Scope scope, Object state, Boolean isCompleted)
   at Microsoft.AspNetCore.Mvc.Infrastructure.ResourceInvoker.<InvokeAsync>g__Logged|17_1(ResourceInvoker invoker)
   at Microsoft.AspNetCore.Mvc.Infrastructure.ResourceInvoker.<InvokeAsync>g__Logged|17_1(ResourceInvoker invoker)
   at Microsoft.AspNetCore.Routing.EndpointMiddleware.<Invoke>g__AwaitRequestTask|6_0(Endpoint endpoint, Task requestTask, ILogger logger)
   at Microsoft.AspNetCore.Authorization.Policy.AuthorizationMiddlewareResultHandler.HandleAsync(RequestDelegate next, HttpContext context, AuthorizationPolicy policy, PolicyAuthorizationResult authorizeResult)
   at Microsoft.AspNetCore.Authorization.AuthorizationMiddleware.Invoke(HttpContext context)
   at Microsoft.AspNetCore.Authentication.AuthenticationMiddleware.Invoke(HttpContext context)
   at Swashbuckle.AspNetCore.SwaggerUI.SwaggerUIMiddleware.Invoke(HttpContext httpContext)
   at Swashbuckle.AspNetCore.Swagger.SwaggerMiddleware.Invoke(HttpContext httpContext, ISwaggerProvider swaggerProvider)
   at BeerSoft.API.Helpers.Errors.ExceptionMiddleware.InvokeAsync(HttpContext context) in C:\ProyectosDiego\Core_Net6\BeerSoft.NetCore.Net6\BeerSoft.API\Helpers\Errors\ExceptionMiddleware.cs:line 23
[2022-09-21 20:14:28.555 -05:00 INF] Request finished HTTP/1.1 GET https://localhost:5001/api/Menus - - - 500 - application/json 10444.1367ms
[2022-09-21 20:15:30.607 -05:00 INF] Request starting HTTP/1.1 GET https://localhost:5001/api/Menus - -
[2022-09-21 20:15:30.611 -05:00 INF] Executing endpoint 'BeerSoft.API.Controllers.MenusController.Get (BeerSoft.API)'
[2022-09-21 20:15:30.612 -05:00 INF] Route matched with {action = "Get", controller = "Menus"}. Executing controller action with signature System.Threading.Tasks.Task`1[Microsoft.AspNetCore.Mvc.ActionResult`1[System.Collections.Generic.IEnumerable`1[BeerSoft.API.Dtos.MenuDto]]] Get() on controller BeerSoft.API.Controllers.MenusController (BeerSoft.API).
[2022-09-21 20:15:52.893 -05:00 INF] Entity Framework Core 6.0.8 initialized 'TiendaContext' using provider 'Pomelo.EntityFrameworkCore.MySql:6.0.2' with options: ServerVersion 8.0.28-mysql 
[2022-09-21 20:15:52.938 -05:00 INF] Executed DbCommand (5ms) [Parameters=[], CommandType='"Text"', CommandTimeout='30']
SELECT `m`.`Id`, `m`.`Activo`, `m`.`FechaAlta`, `m`.`Icono`, `m`.`MenuIdPadre`, `m`.`Roles`, `m`.`Titulo`, `m`.`Url`
FROM `Menu` AS `m`
[2022-09-21 20:16:41.235 -05:00 INF] Executed action BeerSoft.API.Controllers.MenusController.Get (BeerSoft.API) in 70623.4207ms
[2022-09-21 20:16:41.236 -05:00 INF] Executed endpoint 'BeerSoft.API.Controllers.MenusController.Get (BeerSoft.API)'
[2022-09-21 20:16:41.388 -05:00 ERR] Error mapping types.

Mapping types:
List`1 -> List`1
System.Collections.Generic.List`1[[BeerSoft.Core.Entities.Menu, BeerSoft.Core, Version=1.0.0.0, Culture=neutral, PublicKeyToken=null]] -> System.Collections.Generic.List`1[[BeerSoft.API.Dtos.MenuDto, BeerSoft.API, Version=1.0.0.0, Culture=neutral, PublicKeyToken=null]]
AutoMapper.AutoMapperMappingException: Error mapping types.

Mapping types:
List`1 -> List`1
System.Collections.Generic.List`1[[BeerSoft.Core.Entities.Menu, BeerSoft.Core, Version=1.0.0.0, Culture=neutral, PublicKeyToken=null]] -> System.Collections.Generic.List`1[[BeerSoft.API.Dtos.MenuDto, BeerSoft.API, Version=1.0.0.0, Culture=neutral, PublicKeyToken=null]]
 ---> AutoMapper.AutoMapperMappingException: Missing type map configuration or unsupported mapping.

Mapping types:
Menu -> MenuDto
BeerSoft.Core.Entities.Menu -> BeerSoft.API.Dtos.MenuDto
   at lambda_method227(Closure , Menu , MenuDto , ResolutionContext )
   at lambda_method226(Closure , Object , List`1 , ResolutionContext )
   --- End of inner exception stack trace ---
   at lambda_method226(Closure , Object , List`1 , ResolutionContext )
   at BeerSoft.API.Controllers.MenusController.Get() in C:\ProyectosDiego\Core_Net6\BeerSoft.NetCore.Net6\BeerSoft.API\Controllers\MenusController.cs:line 31
   at lambda_method175(Closure , Object )
   at Microsoft.AspNetCore.Mvc.Infrastructure.ActionMethodExecutor.AwaitableObjectResultExecutor.Execute(IActionResultTypeMapper mapper, ObjectMethodExecutor executor, Object controller, Object[] arguments)
   at Microsoft.AspNetCore.Mvc.Infrastructure.ControllerActionInvoker.<InvokeActionMethodAsync>g__Awaited|12_0(ControllerActionInvoker invoker, ValueTask`1 actionResultValueTask)
   at Microsoft.AspNetCore.Mvc.Infrastructure.ControllerActionInvoker.<InvokeNextActionFilterAsync>g__Awaited|10_0(ControllerActionInvoker invoker, Task lastTask, State next, Scope scope, Object state, Boolean isCompleted)
   at Microsoft.AspNetCore.Mvc.Infrastructure.ControllerActionInvoker.Rethrow(ActionExecutedContextSealed context)
   at Microsoft.AspNetCore.Mvc.Infrastructure.ControllerActionInvoker.Next(State& next, Scope& scope, Object& state, Boolean& isCompleted)
   at Microsoft.AspNetCore.Mvc.Infrastructure.ControllerActionInvoker.<InvokeInnerFilterAsync>g__Awaited|13_0(ControllerActionInvoker invoker, Task lastTask, State next, Scope scope, Object state, Boolean isCompleted)
   at Microsoft.AspNetCore.Mvc.Infrastructure.ResourceInvoker.<InvokeFilterPipelineAsync>g__Awaited|20_0(ResourceInvoker invoker, Task lastTask, State next, Scope scope, Object state, Boolean isCompleted)
   at Microsoft.AspNetCore.Mvc.Infrastructure.ResourceInvoker.<InvokeAsync>g__Logged|17_1(ResourceInvoker invoker)
   at Microsoft.AspNetCore.Mvc.Infrastructure.ResourceInvoker.<InvokeAsync>g__Logged|17_1(ResourceInvoker invoker)
   at Microsoft.AspNetCore.Routing.EndpointMiddleware.<Invoke>g__AwaitRequestTask|6_0(Endpoint endpoint, Task requestTask, ILogger logger)
   at Microsoft.AspNetCore.Authorization.Policy.AuthorizationMiddlewareResultHandler.HandleAsync(RequestDelegate next, HttpContext context, AuthorizationPolicy policy, PolicyAuthorizationResult authorizeResult)
   at Microsoft.AspNetCore.Authorization.AuthorizationMiddleware.Invoke(HttpContext context)
   at Microsoft.AspNetCore.Authentication.AuthenticationMiddleware.Invoke(HttpContext context)
   at Swashbuckle.AspNetCore.SwaggerUI.SwaggerUIMiddleware.Invoke(HttpContext httpContext)
   at Swashbuckle.AspNetCore.Swagger.SwaggerMiddleware.Invoke(HttpContext httpContext, ISwaggerProvider swaggerProvider)
   at BeerSoft.API.Helpers.Errors.ExceptionMiddleware.InvokeAsync(HttpContext context) in C:\ProyectosDiego\Core_Net6\BeerSoft.NetCore.Net6\BeerSoft.API\Helpers\Errors\ExceptionMiddleware.cs:line 23
[2022-09-21 20:16:41.391 -05:00 INF] Request finished HTTP/1.1 GET https://localhost:5001/api/Menus - - - 500 - application/json 70787.0136ms
[2022-09-21 20:17:23.998 -05:00 INF] Entity Framework Core 6.0.8 initialized 'TiendaContext' using provider 'Pomelo.EntityFrameworkCore.MySql:6.0.2' with options: ServerVersion 8.0.28-mysql 
[2022-09-21 20:17:24.655 -05:00 INF] Executed DbCommand (26ms) [Parameters=[], CommandType='"Text"', CommandTimeout='30']
SELECT 1 FROM INFORMATION_SCHEMA.TABLES WHERE TABLE_SCHEMA='tiendaBD' AND TABLE_NAME='__EFMigrationsHistory';
[2022-09-21 20:17:24.742 -05:00 INF] Executed DbCommand (2ms) [Parameters=[], CommandType='"Text"', CommandTimeout='30']
SELECT 1 FROM INFORMATION_SCHEMA.TABLES WHERE TABLE_SCHEMA='tiendaBD' AND TABLE_NAME='__EFMigrationsHistory';
[2022-09-21 20:17:24.813 -05:00 INF] Executed DbCommand (15ms) [Parameters=[], CommandType='"Text"', CommandTimeout='30']
SELECT `MigrationId`, `ProductVersion`
FROM `__EFMigrationsHistory`
ORDER BY `MigrationId`;
[2022-09-21 20:17:24.846 -05:00 INF] No migrations were applied. The database is already up to date.
[2022-09-21 20:17:25.259 -05:00 INF] Executed DbCommand (2ms) [Parameters=[], CommandType='"Text"', CommandTimeout='30']
SELECT EXISTS (
    SELECT 1
    FROM `Marca` AS `m`)
[2022-09-21 20:17:25.270 -05:00 INF] Executed DbCommand (0ms) [Parameters=[], CommandType='"Text"', CommandTimeout='30']
SELECT EXISTS (
    SELECT 1
    FROM `Categoria` AS `c`)
[2022-09-21 20:17:25.275 -05:00 INF] Executed DbCommand (0ms) [Parameters=[], CommandType='"Text"', CommandTimeout='30']
SELECT EXISTS (
    SELECT 1
    FROM `Producto` AS `p`)
[2022-09-21 20:17:25.282 -05:00 INF] Executed DbCommand (1ms) [Parameters=[], CommandType='"Text"', CommandTimeout='30']
SELECT EXISTS (
    SELECT 1
    FROM `Rol` AS `r`)
[2022-09-21 20:17:25.447 -05:00 INF] User profile is available. Using 'C:\Users\diego.luna\AppData\Local\ASP.NET\DataProtection-Keys' as key repository and Windows DPAPI to encrypt keys at rest.
[2022-09-21 20:17:25.618 -05:00 INF] Now listening on: https://localhost:5001
[2022-09-21 20:17:25.621 -05:00 INF] Now listening on: http://localhost:5000
[2022-09-21 20:17:25.630 -05:00 INF] Application started. Press Ctrl+C to shut down.
[2022-09-21 20:17:25.632 -05:00 INF] Hosting environment: Development
[2022-09-21 20:17:25.634 -05:00 INF] Content root path: C:\ProyectosDiego\Core_Net6\BeerSoft.NetCore.Net6\BeerSoft.API\
[2022-09-21 20:17:37.907 -05:00 INF] Request starting HTTP/1.1 GET https://localhost:5001/api/Menus - -
[2022-09-21 20:17:38.347 -05:00 INF] Executing endpoint 'BeerSoft.API.Controllers.MenusController.Get (BeerSoft.API)'
[2022-09-21 20:17:38.364 -05:00 INF] Route matched with {action = "Get", controller = "Menus"}. Executing controller action with signature System.Threading.Tasks.Task`1[Microsoft.AspNetCore.Mvc.ActionResult`1[System.Collections.Generic.IEnumerable`1[BeerSoft.API.Dtos.MenuDto]]] Get() on controller BeerSoft.API.Controllers.MenusController (BeerSoft.API).
[2022-09-21 20:17:41.356 -05:00 INF] Entity Framework Core 6.0.8 initialized 'TiendaContext' using provider 'Pomelo.EntityFrameworkCore.MySql:6.0.2' with options: ServerVersion 8.0.28-mysql 
[2022-09-21 20:17:41.467 -05:00 INF] Executed DbCommand (1ms) [Parameters=[], CommandType='"Text"', CommandTimeout='30']
SELECT `m`.`Id`, `m`.`Activo`, `m`.`FechaAlta`, `m`.`Icono`, `m`.`MenuIdPadre`, `m`.`Roles`, `m`.`Titulo`, `m`.`Url`
FROM `Menu` AS `m`
[2022-09-21 20:17:42.657 -05:00 INF] Executed action BeerSoft.API.Controllers.MenusController.Get (BeerSoft.API) in 4285.6544ms
[2022-09-21 20:17:42.660 -05:00 INF] Executed endpoint 'BeerSoft.API.Controllers.MenusController.Get (BeerSoft.API)'
[2022-09-21 20:17:42.852 -05:00 ERR] Error mapping types.

Mapping types:
List`1 -> List`1
System.Collections.Generic.List`1[[BeerSoft.Core.Entities.Menu, BeerSoft.Core, Version=1.0.0.0, Culture=neutral, PublicKeyToken=null]] -> System.Collections.Generic.List`1[[BeerSoft.API.Dtos.MenuDto, BeerSoft.API, Version=1.0.0.0, Culture=neutral, PublicKeyToken=null]]
AutoMapper.AutoMapperMappingException: Error mapping types.

Mapping types:
List`1 -> List`1
System.Collections.Generic.List`1[[BeerSoft.Core.Entities.Menu, BeerSoft.Core, Version=1.0.0.0, Culture=neutral, PublicKeyToken=null]] -> System.Collections.Generic.List`1[[BeerSoft.API.Dtos.MenuDto, BeerSoft.API, Version=1.0.0.0, Culture=neutral, PublicKeyToken=null]]
 ---> AutoMapper.AutoMapperMappingException: Missing type map configuration or unsupported mapping.

Mapping types:
Menu -> MenuDto
BeerSoft.Core.Entities.Menu -> BeerSoft.API.Dtos.MenuDto
   at lambda_method72(Closure , Menu , MenuDto , ResolutionContext )
   at lambda_method71(Closure , Object , List`1 , ResolutionContext )
   --- End of inner exception stack trace ---
   at lambda_method71(Closure , Object , List`1 , ResolutionContext )
   at BeerSoft.API.Controllers.MenusController.Get() in C:\ProyectosDiego\Core_Net6\BeerSoft.NetCore.Net6\BeerSoft.API\Controllers\MenusController.cs:line 31
   at lambda_method20(Closure , Object )
   at Microsoft.AspNetCore.Mvc.Infrastructure.ActionMethodExecutor.AwaitableObjectResultExecutor.Execute(IActionResultTypeMapper mapper, ObjectMethodExecutor executor, Object controller, Object[] arguments)
   at Microsoft.AspNetCore.Mvc.Infrastructure.ControllerActionInvoker.<InvokeActionMethodAsync>g__Awaited|12_0(ControllerActionInvoker invoker, ValueTask`1 actionResultValueTask)
   at Microsoft.AspNetCore.Mvc.Infrastructure.ControllerActionInvoker.<InvokeNextActionFilterAsync>g__Awaited|10_0(ControllerActionInvoker invoker, Task lastTask, State next, Scope scope, Object state, Boolean isCompleted)
   at Microsoft.AspNetCore.Mvc.Infrastructure.ControllerActionInvoker.Rethrow(ActionExecutedContextSealed context)
   at Microsoft.AspNetCore.Mvc.Infrastructure.ControllerActionInvoker.Next(State& next, Scope& scope, Object& state, Boolean& isCompleted)
   at Microsoft.AspNetCore.Mvc.Infrastructure.ControllerActionInvoker.<InvokeInnerFilterAsync>g__Awaited|13_0(ControllerActionInvoker invoker, Task lastTask, State next, Scope scope, Object state, Boolean isCompleted)
   at Microsoft.AspNetCore.Mvc.Infrastructure.ResourceInvoker.<InvokeFilterPipelineAsync>g__Awaited|20_0(ResourceInvoker invoker, Task lastTask, State next, Scope scope, Object state, Boolean isCompleted)
   at Microsoft.AspNetCore.Mvc.Infrastructure.ResourceInvoker.<InvokeAsync>g__Logged|17_1(ResourceInvoker invoker)
   at Microsoft.AspNetCore.Mvc.Infrastructure.ResourceInvoker.<InvokeAsync>g__Logged|17_1(ResourceInvoker invoker)
   at Microsoft.AspNetCore.Routing.EndpointMiddleware.<Invoke>g__AwaitRequestTask|6_0(Endpoint endpoint, Task requestTask, ILogger logger)
   at Microsoft.AspNetCore.Authorization.Policy.AuthorizationMiddlewareResultHandler.HandleAsync(RequestDelegate next, HttpContext context, AuthorizationPolicy policy, PolicyAuthorizationResult authorizeResult)
   at Microsoft.AspNetCore.Authorization.AuthorizationMiddleware.Invoke(HttpContext context)
   at Microsoft.AspNetCore.Authentication.AuthenticationMiddleware.Invoke(HttpContext context)
   at Swashbuckle.AspNetCore.SwaggerUI.SwaggerUIMiddleware.Invoke(HttpContext httpContext)
   at Swashbuckle.AspNetCore.Swagger.SwaggerMiddleware.Invoke(HttpContext httpContext, ISwaggerProvider swaggerProvider)
   at BeerSoft.API.Helpers.Errors.ExceptionMiddleware.InvokeAsync(HttpContext context) in C:\ProyectosDiego\Core_Net6\BeerSoft.NetCore.Net6\BeerSoft.API\Helpers\Errors\ExceptionMiddleware.cs:line 23
[2022-09-21 20:17:42.908 -05:00 INF] Request finished HTTP/1.1 GET https://localhost:5001/api/Menus - - - 500 - application/json 5004.3404ms
[2022-09-21 20:19:32.073 -05:00 INF] Entity Framework Core 6.0.8 initialized 'TiendaContext' using provider 'Pomelo.EntityFrameworkCore.MySql:6.0.2' with options: ServerVersion 8.0.28-mysql 
[2022-09-21 20:19:32.752 -05:00 INF] Executed DbCommand (34ms) [Parameters=[], CommandType='"Text"', CommandTimeout='30']
SELECT 1 FROM INFORMATION_SCHEMA.TABLES WHERE TABLE_SCHEMA='tiendaBD' AND TABLE_NAME='__EFMigrationsHistory';
[2022-09-21 20:19:32.815 -05:00 INF] Executed DbCommand (1ms) [Parameters=[], CommandType='"Text"', CommandTimeout='30']
SELECT 1 FROM INFORMATION_SCHEMA.TABLES WHERE TABLE_SCHEMA='tiendaBD' AND TABLE_NAME='__EFMigrationsHistory';
[2022-09-21 20:19:32.884 -05:00 INF] Executed DbCommand (10ms) [Parameters=[], CommandType='"Text"', CommandTimeout='30']
SELECT `MigrationId`, `ProductVersion`
FROM `__EFMigrationsHistory`
ORDER BY `MigrationId`;
[2022-09-21 20:19:32.917 -05:00 INF] No migrations were applied. The database is already up to date.
[2022-09-21 20:19:33.337 -05:00 INF] Executed DbCommand (5ms) [Parameters=[], CommandType='"Text"', CommandTimeout='30']
SELECT EXISTS (
    SELECT 1
    FROM `Marca` AS `m`)
[2022-09-21 20:19:33.351 -05:00 INF] Executed DbCommand (1ms) [Parameters=[], CommandType='"Text"', CommandTimeout='30']
SELECT EXISTS (
    SELECT 1
    FROM `Categoria` AS `c`)
[2022-09-21 20:19:33.356 -05:00 INF] Executed DbCommand (0ms) [Parameters=[], CommandType='"Text"', CommandTimeout='30']
SELECT EXISTS (
    SELECT 1
    FROM `Producto` AS `p`)
[2022-09-21 20:19:33.360 -05:00 INF] Executed DbCommand (0ms) [Parameters=[], CommandType='"Text"', CommandTimeout='30']
SELECT EXISTS (
    SELECT 1
    FROM `Rol` AS `r`)
[2022-09-21 20:19:33.526 -05:00 INF] User profile is available. Using 'C:\Users\diego.luna\AppData\Local\ASP.NET\DataProtection-Keys' as key repository and Windows DPAPI to encrypt keys at rest.
[2022-09-21 20:19:33.695 -05:00 INF] Now listening on: https://localhost:5001
[2022-09-21 20:19:33.697 -05:00 INF] Now listening on: http://localhost:5000
[2022-09-21 20:19:33.708 -05:00 INF] Application started. Press Ctrl+C to shut down.
[2022-09-21 20:19:33.709 -05:00 INF] Hosting environment: Development
[2022-09-21 20:19:33.711 -05:00 INF] Content root path: C:\ProyectosDiego\Core_Net6\BeerSoft.NetCore.Net6\BeerSoft.API\
[2022-09-21 20:19:41.389 -05:00 INF] Request starting HTTP/1.1 GET https://localhost:5001/api/Menus - -
[2022-09-21 20:19:41.834 -05:00 INF] Executing endpoint 'BeerSoft.API.Controllers.MenusController.Get (BeerSoft.API)'
[2022-09-21 20:19:41.848 -05:00 INF] Route matched with {action = "Get", controller = "Menus"}. Executing controller action with signature System.Threading.Tasks.Task`1[Microsoft.AspNetCore.Mvc.ActionResult`1[System.Collections.Generic.IEnumerable`1[BeerSoft.API.Dtos.MenuDto]]] Get() on controller BeerSoft.API.Controllers.MenusController (BeerSoft.API).
[2022-09-21 20:19:45.755 -05:00 INF] Entity Framework Core 6.0.8 initialized 'TiendaContext' using provider 'Pomelo.EntityFrameworkCore.MySql:6.0.2' with options: ServerVersion 8.0.28-mysql 
[2022-09-21 20:19:45.848 -05:00 INF] Executed DbCommand (1ms) [Parameters=[], CommandType='"Text"', CommandTimeout='30']
SELECT `m`.`Id`, `m`.`Activo`, `m`.`FechaAlta`, `m`.`Icono`, `m`.`MenuIdPadre`, `m`.`Roles`, `m`.`Titulo`, `m`.`Url`
FROM `Menu` AS `m`
[2022-09-21 20:19:49.500 -05:00 INF] Executing ObjectResult, writing value of type 'System.Collections.Generic.List`1[[BeerSoft.API.Dtos.MenuDto, BeerSoft.API, Version=1.0.0.0, Culture=neutral, PublicKeyToken=null]]'.
[2022-09-21 20:19:49.558 -05:00 INF] Executed action BeerSoft.API.Controllers.MenusController.Get (BeerSoft.API) in 7699.0471ms
[2022-09-21 20:19:49.560 -05:00 INF] Executed endpoint 'BeerSoft.API.Controllers.MenusController.Get (BeerSoft.API)'
[2022-09-21 20:19:49.574 -05:00 INF] Request finished HTTP/1.1 GET https://localhost:5001/api/Menus - - - 200 - application/json;+charset=utf-8 8188.8586ms
[2022-09-21 22:46:41.323 -05:00 INF] Entity Framework Core 6.0.8 initialized 'TiendaContext' using provider 'Pomelo.EntityFrameworkCore.MySql:6.0.2' with options: ServerVersion 8.0.28-mysql 
[2022-09-21 22:46:42.388 -05:00 INF] Executed DbCommand (23ms) [Parameters=[], CommandType='"Text"', CommandTimeout='30']
SELECT 1 FROM INFORMATION_SCHEMA.TABLES WHERE TABLE_SCHEMA='tiendaBD' AND TABLE_NAME='__EFMigrationsHistory';
[2022-09-21 22:46:42.458 -05:00 INF] Executed DbCommand (1ms) [Parameters=[], CommandType='"Text"', CommandTimeout='30']
SELECT 1 FROM INFORMATION_SCHEMA.TABLES WHERE TABLE_SCHEMA='tiendaBD' AND TABLE_NAME='__EFMigrationsHistory';
[2022-09-21 22:46:42.521 -05:00 INF] Executed DbCommand (10ms) [Parameters=[], CommandType='"Text"', CommandTimeout='30']
SELECT `MigrationId`, `ProductVersion`
FROM `__EFMigrationsHistory`
ORDER BY `MigrationId`;
[2022-09-21 22:46:42.557 -05:00 INF] No migrations were applied. The database is already up to date.
[2022-09-21 22:46:43.067 -05:00 INF] Executed DbCommand (2ms) [Parameters=[], CommandType='"Text"', CommandTimeout='30']
SELECT EXISTS (
    SELECT 1
    FROM `Marca` AS `m`)
[2022-09-21 22:46:43.077 -05:00 INF] Executed DbCommand (0ms) [Parameters=[], CommandType='"Text"', CommandTimeout='30']
SELECT EXISTS (
    SELECT 1
    FROM `Categoria` AS `c`)
[2022-09-21 22:46:43.082 -05:00 INF] Executed DbCommand (0ms) [Parameters=[], CommandType='"Text"', CommandTimeout='30']
SELECT EXISTS (
    SELECT 1
    FROM `Producto` AS `p`)
[2022-09-21 22:46:43.088 -05:00 INF] Executed DbCommand (1ms) [Parameters=[], CommandType='"Text"', CommandTimeout='30']
SELECT EXISTS (
    SELECT 1
    FROM `Rol` AS `r`)
[2022-09-21 22:46:43.453 -05:00 INF] User profile is available. Using 'C:\Users\diego.luna\AppData\Local\ASP.NET\DataProtection-Keys' as key repository and Windows DPAPI to encrypt keys at rest.
[2022-09-21 22:46:43.806 -05:00 INF] Now listening on: https://localhost:5001
[2022-09-21 22:46:43.808 -05:00 INF] Now listening on: http://localhost:5000
[2022-09-21 22:46:43.819 -05:00 INF] Application started. Press Ctrl+C to shut down.
[2022-09-21 22:46:43.821 -05:00 INF] Hosting environment: Development
[2022-09-21 22:46:43.824 -05:00 INF] Content root path: C:\ProyectosDiego\Core_Net6\BeerSoft.NetCore.Net6\BeerSoft.API\
[2022-09-21 22:46:52.048 -05:00 INF] Request starting HTTP/1.1 POST https://localhost:5001/api/usuarios/token application/json 72
[2022-09-21 22:46:53.125 -05:00 INF] Failed to validate the token.
Microsoft.IdentityModel.Tokens.SecurityTokenExpiredException: IDX10223: Lifetime validation failed. The token is expired. ValidTo: '22/09/2022 01:44:10 a. m.', Current time: '22/09/2022 03:46:53 a. m.'.
   at Microsoft.IdentityModel.Tokens.Validators.ValidateLifetime(Nullable`1 notBefore, Nullable`1 expires, SecurityToken securityToken, TokenValidationParameters validationParameters)
   at System.IdentityModel.Tokens.Jwt.JwtSecurityTokenHandler.ValidateTokenPayload(JwtSecurityToken jwtToken, TokenValidationParameters validationParameters, BaseConfiguration configuration)
   at System.IdentityModel.Tokens.Jwt.JwtSecurityTokenHandler.ValidateJWS(String token, TokenValidationParameters validationParameters, BaseConfiguration currentConfiguration, SecurityToken& signatureValidatedToken, ExceptionDispatchInfo& exceptionThrown)
--- End of stack trace from previous location ---
   at System.IdentityModel.Tokens.Jwt.JwtSecurityTokenHandler.ValidateToken(String token, JwtSecurityToken outerToken, TokenValidationParameters validationParameters, SecurityToken& signatureValidatedToken)
   at System.IdentityModel.Tokens.Jwt.JwtSecurityTokenHandler.ValidateToken(String token, TokenValidationParameters validationParameters, SecurityToken& validatedToken)
   at Microsoft.AspNetCore.Authentication.JwtBearer.JwtBearerHandler.HandleAuthenticateAsync()
[2022-09-21 22:46:53.324 -05:00 INF] Bearer was not authenticated. Failure message: IDX10223: Lifetime validation failed. The token is expired. ValidTo: '22/09/2022 01:44:10 a. m.', Current time: '22/09/2022 03:46:53 a. m.'.
[2022-09-21 22:46:53.332 -05:00 INF] Executing endpoint 'BeerSoft.API.Controllers.UsuariosController.GetTokenAsync (BeerSoft.API)'
[2022-09-21 22:46:53.357 -05:00 INF] Route matched with {action = "GetToken", controller = "Usuarios"}. Executing controller action with signature System.Threading.Tasks.Task`1[Microsoft.AspNetCore.Mvc.IActionResult] GetTokenAsync(API.Dtos.LoginDto) on controller BeerSoft.API.Controllers.UsuariosController (BeerSoft.API).
[2022-09-21 22:46:53.458 -05:00 INF] Entity Framework Core 6.0.8 initialized 'TiendaContext' using provider 'Pomelo.EntityFrameworkCore.MySql:6.0.2' with options: ServerVersion 8.0.28-mysql 
[2022-09-21 22:46:53.838 -05:00 WRN] Compiling a query which loads related collections for more than one collection navigation, either via 'Include' or through projection, but no 'QuerySplittingBehavior' has been configured. By default, Entity Framework will use 'QuerySplittingBehavior.SingleQuery', which can potentially result in slow query performance. See https://go.microsoft.com/fwlink/?linkid=2134277 for more information. To identify the query that's triggering this warning call 'ConfigureWarnings(w => w.Throw(RelationalEventId.MultipleCollectionIncludeWarning))'.
[2022-09-21 22:46:53.942 -05:00 INF] Executed DbCommand (25ms) [Parameters=[@__ToLower_0='?' (Size = 200)], CommandType='"Text"', CommandTimeout='30']
SELECT `t`.`Id`, `t`.`ApellidoMaterno`, `t`.`ApellidoPaterno`, `t`.`Email`, `t`.`Nombres`, `t`.`Password`, `t`.`Username`, `t0`.`UsuarioId`, `t0`.`RolId`, `t0`.`Id`, `t0`.`Nombre`, `r0`.`Id`, `r0`.`Created`, `r0`.`Expires`, `r0`.`Revoked`, `r0`.`Token`, `r0`.`UsuarioId`
FROM (
    SELECT `u`.`Id`, `u`.`ApellidoMaterno`, `u`.`ApellidoPaterno`, `u`.`Email`, `u`.`Nombres`, `u`.`Password`, `u`.`Username`
    FROM `Usuario` AS `u`
    WHERE LOWER(`u`.`Username`) = @__ToLower_0
    LIMIT 1
) AS `t`
LEFT JOIN (
    SELECT `u0`.`UsuarioId`, `u0`.`RolId`, `r`.`Id`, `r`.`Nombre`
    FROM `UsuariosRoles` AS `u0`
    INNER JOIN `Rol` AS `r` ON `u0`.`RolId` = `r`.`Id`
) AS `t0` ON `t`.`Id` = `t0`.`UsuarioId`
LEFT JOIN `RefreshToken` AS `r0` ON `t`.`Id` = `r0`.`UsuarioId`
ORDER BY `t`.`Id`, `t0`.`UsuarioId`, `t0`.`RolId`, `t0`.`Id`
[2022-09-21 22:46:54.208 -05:00 INF] Executing OkObjectResult, writing value of type 'API.Dtos.DatosUsuarioDto'.
[2022-09-21 22:46:54.265 -05:00 INF] Executed action BeerSoft.API.Controllers.UsuariosController.GetTokenAsync (BeerSoft.API) in 879.5389ms
[2022-09-21 22:46:54.268 -05:00 INF] Executed endpoint 'BeerSoft.API.Controllers.UsuariosController.GetTokenAsync (BeerSoft.API)'
[2022-09-21 22:46:54.284 -05:00 INF] Request finished HTTP/1.1 POST https://localhost:5001/api/usuarios/token application/json 72 - 200 - application/json;+charset=utf-8 2242.2824ms
[2022-09-21 22:47:01.162 -05:00 INF] Request starting HTTP/1.1 GET https://localhost:5001/api/Menus - -
[2022-09-21 22:47:01.206 -05:00 INF] Executing endpoint 'BeerSoft.API.Controllers.MenusController.Get (BeerSoft.API)'
[2022-09-21 22:47:01.210 -05:00 INF] Route matched with {action = "Get", controller = "Menus"}. Executing controller action with signature System.Threading.Tasks.Task`1[Microsoft.AspNetCore.Mvc.ActionResult`1[System.Collections.Generic.IEnumerable`1[BeerSoft.API.Dtos.MenuDto]]] Get() on controller BeerSoft.API.Controllers.MenusController (BeerSoft.API).
[2022-09-21 22:48:46.486 -05:00 INF] Executed action BeerSoft.API.Controllers.MenusController.Get (BeerSoft.API) in 105276.18ms
[2022-09-21 22:48:46.486 -05:00 INF] Executed endpoint 'BeerSoft.API.Controllers.MenusController.Get (BeerSoft.API)'
[2022-09-21 22:59:43.463 -05:00 INF] Entity Framework Core 6.0.8 initialized 'TiendaContext' using provider 'Pomelo.EntityFrameworkCore.MySql:6.0.2' with options: ServerVersion 8.0.28-mysql 
[2022-09-21 22:59:44.117 -05:00 INF] Executed DbCommand (23ms) [Parameters=[], CommandType='"Text"', CommandTimeout='30']
SELECT 1 FROM INFORMATION_SCHEMA.TABLES WHERE TABLE_SCHEMA='tiendaBD' AND TABLE_NAME='__EFMigrationsHistory';
[2022-09-21 22:59:44.179 -05:00 INF] Executed DbCommand (1ms) [Parameters=[], CommandType='"Text"', CommandTimeout='30']
SELECT 1 FROM INFORMATION_SCHEMA.TABLES WHERE TABLE_SCHEMA='tiendaBD' AND TABLE_NAME='__EFMigrationsHistory';
[2022-09-21 22:59:44.249 -05:00 INF] Executed DbCommand (14ms) [Parameters=[], CommandType='"Text"', CommandTimeout='30']
SELECT `MigrationId`, `ProductVersion`
FROM `__EFMigrationsHistory`
ORDER BY `MigrationId`;
[2022-09-21 22:59:44.286 -05:00 INF] No migrations were applied. The database is already up to date.
[2022-09-21 22:59:44.731 -05:00 INF] Executed DbCommand (2ms) [Parameters=[], CommandType='"Text"', CommandTimeout='30']
SELECT EXISTS (
    SELECT 1
    FROM `Marca` AS `m`)
[2022-09-21 22:59:44.740 -05:00 INF] Executed DbCommand (0ms) [Parameters=[], CommandType='"Text"', CommandTimeout='30']
SELECT EXISTS (
    SELECT 1
    FROM `Categoria` AS `c`)
[2022-09-21 22:59:44.745 -05:00 INF] Executed DbCommand (0ms) [Parameters=[], CommandType='"Text"', CommandTimeout='30']
SELECT EXISTS (
    SELECT 1
    FROM `Producto` AS `p`)
[2022-09-21 22:59:44.750 -05:00 INF] Executed DbCommand (0ms) [Parameters=[], CommandType='"Text"', CommandTimeout='30']
SELECT EXISTS (
    SELECT 1
    FROM `Rol` AS `r`)
[2022-09-21 22:59:44.911 -05:00 INF] User profile is available. Using 'C:\Users\diego.luna\AppData\Local\ASP.NET\DataProtection-Keys' as key repository and Windows DPAPI to encrypt keys at rest.
[2022-09-21 22:59:45.089 -05:00 INF] Now listening on: https://localhost:5001
[2022-09-21 22:59:45.090 -05:00 INF] Now listening on: http://localhost:5000
[2022-09-21 22:59:45.099 -05:00 INF] Application started. Press Ctrl+C to shut down.
[2022-09-21 22:59:45.101 -05:00 INF] Hosting environment: Development
[2022-09-21 22:59:45.104 -05:00 INF] Content root path: C:\ProyectosDiego\Core_Net6\BeerSoft.NetCore.Net6\BeerSoft.API\
[2022-09-21 22:59:52.377 -05:00 INF] Request starting HTTP/1.1 POST https://localhost:5001/api/usuarios/token application/json 72
[2022-09-21 22:59:52.796 -05:00 INF] Executing endpoint 'BeerSoft.API.Controllers.UsuariosController.GetTokenAsync (BeerSoft.API)'
[2022-09-21 22:59:52.820 -05:00 INF] Route matched with {action = "GetToken", controller = "Usuarios"}. Executing controller action with signature System.Threading.Tasks.Task`1[Microsoft.AspNetCore.Mvc.IActionResult] GetTokenAsync(API.Dtos.LoginDto) on controller BeerSoft.API.Controllers.UsuariosController (BeerSoft.API).
[2022-09-21 22:59:52.883 -05:00 INF] Entity Framework Core 6.0.8 initialized 'TiendaContext' using provider 'Pomelo.EntityFrameworkCore.MySql:6.0.2' with options: ServerVersion 8.0.28-mysql 
[2022-09-21 22:59:53.256 -05:00 WRN] Compiling a query which loads related collections for more than one collection navigation, either via 'Include' or through projection, but no 'QuerySplittingBehavior' has been configured. By default, Entity Framework will use 'QuerySplittingBehavior.SingleQuery', which can potentially result in slow query performance. See https://go.microsoft.com/fwlink/?linkid=2134277 for more information. To identify the query that's triggering this warning call 'ConfigureWarnings(w => w.Throw(RelationalEventId.MultipleCollectionIncludeWarning))'.
[2022-09-21 22:59:53.378 -05:00 INF] Executed DbCommand (33ms) [Parameters=[@__ToLower_0='?' (Size = 200)], CommandType='"Text"', CommandTimeout='30']
SELECT `t`.`Id`, `t`.`ApellidoMaterno`, `t`.`ApellidoPaterno`, `t`.`Email`, `t`.`Nombres`, `t`.`Password`, `t`.`Username`, `t0`.`UsuarioId`, `t0`.`RolId`, `t0`.`Id`, `t0`.`Nombre`, `r0`.`Id`, `r0`.`Created`, `r0`.`Expires`, `r0`.`Revoked`, `r0`.`Token`, `r0`.`UsuarioId`
FROM (
    SELECT `u`.`Id`, `u`.`ApellidoMaterno`, `u`.`ApellidoPaterno`, `u`.`Email`, `u`.`Nombres`, `u`.`Password`, `u`.`Username`
    FROM `Usuario` AS `u`
    WHERE LOWER(`u`.`Username`) = @__ToLower_0
    LIMIT 1
) AS `t`
LEFT JOIN (
    SELECT `u0`.`UsuarioId`, `u0`.`RolId`, `r`.`Id`, `r`.`Nombre`
    FROM `UsuariosRoles` AS `u0`
    INNER JOIN `Rol` AS `r` ON `u0`.`RolId` = `r`.`Id`
) AS `t0` ON `t`.`Id` = `t0`.`UsuarioId`
LEFT JOIN `RefreshToken` AS `r0` ON `t`.`Id` = `r0`.`UsuarioId`
ORDER BY `t`.`Id`, `t0`.`UsuarioId`, `t0`.`RolId`, `t0`.`Id`
[2022-09-21 22:59:53.600 -05:00 INF] Executing OkObjectResult, writing value of type 'API.Dtos.DatosUsuarioDto'.
[2022-09-21 22:59:53.635 -05:00 INF] Executed action BeerSoft.API.Controllers.UsuariosController.GetTokenAsync (BeerSoft.API) in 798.4554ms
[2022-09-21 22:59:53.637 -05:00 INF] Executed endpoint 'BeerSoft.API.Controllers.UsuariosController.GetTokenAsync (BeerSoft.API)'
[2022-09-21 22:59:53.651 -05:00 INF] Request finished HTTP/1.1 POST https://localhost:5001/api/usuarios/token application/json 72 - 200 - application/json;+charset=utf-8 1279.5534ms
[2022-09-21 23:00:02.032 -05:00 INF] Request starting HTTP/1.1 GET https://localhost:5001/api/Menus - -
[2022-09-21 23:00:02.048 -05:00 INF] Executing endpoint 'BeerSoft.API.Controllers.MenusController.Get (BeerSoft.API)'
[2022-09-21 23:00:02.052 -05:00 INF] Route matched with {action = "Get", controller = "Menus"}. Executing controller action with signature System.Threading.Tasks.Task`1[Microsoft.AspNetCore.Mvc.ActionResult`1[System.Collections.Generic.IEnumerable`1[BeerSoft.API.Dtos.MenuDto]]] Get() on controller BeerSoft.API.Controllers.MenusController (BeerSoft.API).
[2022-09-21 23:00:26.420 -05:00 INF] Executed action BeerSoft.API.Controllers.MenusController.Get (BeerSoft.API) in 24367.5947ms
[2022-09-21 23:00:26.420 -05:00 INF] Executed endpoint 'BeerSoft.API.Controllers.MenusController.Get (BeerSoft.API)'
[2022-09-21 23:02:02.501 -05:00 INF] Entity Framework Core 6.0.8 initialized 'TiendaContext' using provider 'Pomelo.EntityFrameworkCore.MySql:6.0.2' with options: ServerVersion 8.0.28-mysql 
[2022-09-21 23:02:03.123 -05:00 INF] Executed DbCommand (23ms) [Parameters=[], CommandType='"Text"', CommandTimeout='30']
SELECT 1 FROM INFORMATION_SCHEMA.TABLES WHERE TABLE_SCHEMA='tiendaBD' AND TABLE_NAME='__EFMigrationsHistory';
[2022-09-21 23:02:03.185 -05:00 INF] Executed DbCommand (5ms) [Parameters=[], CommandType='"Text"', CommandTimeout='30']
SELECT 1 FROM INFORMATION_SCHEMA.TABLES WHERE TABLE_SCHEMA='tiendaBD' AND TABLE_NAME='__EFMigrationsHistory';
[2022-09-21 23:02:03.246 -05:00 INF] Executed DbCommand (11ms) [Parameters=[], CommandType='"Text"', CommandTimeout='30']
SELECT `MigrationId`, `ProductVersion`
FROM `__EFMigrationsHistory`
ORDER BY `MigrationId`;
[2022-09-21 23:02:03.277 -05:00 INF] No migrations were applied. The database is already up to date.
[2022-09-21 23:02:03.695 -05:00 INF] Executed DbCommand (2ms) [Parameters=[], CommandType='"Text"', CommandTimeout='30']
SELECT EXISTS (
    SELECT 1
    FROM `Marca` AS `m`)
[2022-09-21 23:02:03.706 -05:00 INF] Executed DbCommand (0ms) [Parameters=[], CommandType='"Text"', CommandTimeout='30']
SELECT EXISTS (
    SELECT 1
    FROM `Categoria` AS `c`)
[2022-09-21 23:02:03.710 -05:00 INF] Executed DbCommand (0ms) [Parameters=[], CommandType='"Text"', CommandTimeout='30']
SELECT EXISTS (
    SELECT 1
    FROM `Producto` AS `p`)
[2022-09-21 23:02:03.716 -05:00 INF] Executed DbCommand (0ms) [Parameters=[], CommandType='"Text"', CommandTimeout='30']
SELECT EXISTS (
    SELECT 1
    FROM `Rol` AS `r`)
[2022-09-21 23:02:03.887 -05:00 INF] User profile is available. Using 'C:\Users\diego.luna\AppData\Local\ASP.NET\DataProtection-Keys' as key repository and Windows DPAPI to encrypt keys at rest.
[2022-09-21 23:02:04.046 -05:00 INF] Now listening on: https://localhost:5001
[2022-09-21 23:02:04.048 -05:00 INF] Now listening on: http://localhost:5000
[2022-09-21 23:02:04.059 -05:00 INF] Application started. Press Ctrl+C to shut down.
[2022-09-21 23:02:04.062 -05:00 INF] Hosting environment: Development
[2022-09-21 23:02:04.064 -05:00 INF] Content root path: C:\ProyectosDiego\Core_Net6\BeerSoft.NetCore.Net6\BeerSoft.API\
[2022-09-21 23:02:12.975 -05:00 INF] Request starting HTTP/1.1 POST https://localhost:5001/api/usuarios/token application/json 72
[2022-09-21 23:02:13.409 -05:00 INF] Executing endpoint 'BeerSoft.API.Controllers.UsuariosController.GetTokenAsync (BeerSoft.API)'
[2022-09-21 23:02:13.443 -05:00 INF] Route matched with {action = "GetToken", controller = "Usuarios"}. Executing controller action with signature System.Threading.Tasks.Task`1[Microsoft.AspNetCore.Mvc.IActionResult] GetTokenAsync(API.Dtos.LoginDto) on controller BeerSoft.API.Controllers.UsuariosController (BeerSoft.API).
[2022-09-21 23:02:13.505 -05:00 INF] Entity Framework Core 6.0.8 initialized 'TiendaContext' using provider 'Pomelo.EntityFrameworkCore.MySql:6.0.2' with options: ServerVersion 8.0.28-mysql 
[2022-09-21 23:02:13.862 -05:00 WRN] Compiling a query which loads related collections for more than one collection navigation, either via 'Include' or through projection, but no 'QuerySplittingBehavior' has been configured. By default, Entity Framework will use 'QuerySplittingBehavior.SingleQuery', which can potentially result in slow query performance. See https://go.microsoft.com/fwlink/?linkid=2134277 for more information. To identify the query that's triggering this warning call 'ConfigureWarnings(w => w.Throw(RelationalEventId.MultipleCollectionIncludeWarning))'.
[2022-09-21 23:02:13.985 -05:00 INF] Executed DbCommand (33ms) [Parameters=[@__ToLower_0='?' (Size = 200)], CommandType='"Text"', CommandTimeout='30']
SELECT `t`.`Id`, `t`.`ApellidoMaterno`, `t`.`ApellidoPaterno`, `t`.`Email`, `t`.`Nombres`, `t`.`Password`, `t`.`Username`, `t0`.`UsuarioId`, `t0`.`RolId`, `t0`.`Id`, `t0`.`Nombre`, `r0`.`Id`, `r0`.`Created`, `r0`.`Expires`, `r0`.`Revoked`, `r0`.`Token`, `r0`.`UsuarioId`
FROM (
    SELECT `u`.`Id`, `u`.`ApellidoMaterno`, `u`.`ApellidoPaterno`, `u`.`Email`, `u`.`Nombres`, `u`.`Password`, `u`.`Username`
    FROM `Usuario` AS `u`
    WHERE LOWER(`u`.`Username`) = @__ToLower_0
    LIMIT 1
) AS `t`
LEFT JOIN (
    SELECT `u0`.`UsuarioId`, `u0`.`RolId`, `r`.`Id`, `r`.`Nombre`
    FROM `UsuariosRoles` AS `u0`
    INNER JOIN `Rol` AS `r` ON `u0`.`RolId` = `r`.`Id`
) AS `t0` ON `t`.`Id` = `t0`.`UsuarioId`
LEFT JOIN `RefreshToken` AS `r0` ON `t`.`Id` = `r0`.`UsuarioId`
ORDER BY `t`.`Id`, `t0`.`UsuarioId`, `t0`.`RolId`, `t0`.`Id`
[2022-09-21 23:02:14.189 -05:00 INF] Executing OkObjectResult, writing value of type 'API.Dtos.DatosUsuarioDto'.
[2022-09-21 23:02:14.215 -05:00 INF] Executed action BeerSoft.API.Controllers.UsuariosController.GetTokenAsync (BeerSoft.API) in 762.75ms
[2022-09-21 23:02:14.220 -05:00 INF] Executed endpoint 'BeerSoft.API.Controllers.UsuariosController.GetTokenAsync (BeerSoft.API)'
[2022-09-21 23:02:14.239 -05:00 INF] Request finished HTTP/1.1 POST https://localhost:5001/api/usuarios/token application/json 72 - 200 - application/json;+charset=utf-8 1266.9252ms
[2022-09-21 23:02:19.651 -05:00 INF] Request starting HTTP/1.1 GET https://localhost:5001/api/Menus - -
[2022-09-21 23:02:19.666 -05:00 INF] Executing endpoint 'BeerSoft.API.Controllers.MenusController.Get (BeerSoft.API)'
[2022-09-21 23:02:19.669 -05:00 INF] Route matched with {action = "Get", controller = "Menus"}. Executing controller action with signature System.Threading.Tasks.Task`1[Microsoft.AspNetCore.Mvc.ActionResult`1[System.Collections.Generic.IEnumerable`1[BeerSoft.API.Dtos.MenuDto]]] Get() on controller BeerSoft.API.Controllers.MenusController (BeerSoft.API).
[2022-09-21 23:03:17.936 -05:00 INF] Entity Framework Core 6.0.8 initialized 'TiendaContext' using provider 'Pomelo.EntityFrameworkCore.MySql:6.0.2' with options: ServerVersion 8.0.28-mysql 
[2022-09-21 23:03:18.582 -05:00 INF] Executed DbCommand (24ms) [Parameters=[], CommandType='"Text"', CommandTimeout='30']
SELECT 1 FROM INFORMATION_SCHEMA.TABLES WHERE TABLE_SCHEMA='tiendaBD' AND TABLE_NAME='__EFMigrationsHistory';
[2022-09-21 23:03:18.646 -05:00 INF] Executed DbCommand (1ms) [Parameters=[], CommandType='"Text"', CommandTimeout='30']
SELECT 1 FROM INFORMATION_SCHEMA.TABLES WHERE TABLE_SCHEMA='tiendaBD' AND TABLE_NAME='__EFMigrationsHistory';
[2022-09-21 23:03:18.709 -05:00 INF] Executed DbCommand (14ms) [Parameters=[], CommandType='"Text"', CommandTimeout='30']
SELECT `MigrationId`, `ProductVersion`
FROM `__EFMigrationsHistory`
ORDER BY `MigrationId`;
[2022-09-21 23:03:18.744 -05:00 INF] No migrations were applied. The database is already up to date.
[2022-09-21 23:03:19.157 -05:00 INF] Executed DbCommand (3ms) [Parameters=[], CommandType='"Text"', CommandTimeout='30']
SELECT EXISTS (
    SELECT 1
    FROM `Marca` AS `m`)
[2022-09-21 23:03:19.166 -05:00 INF] Executed DbCommand (0ms) [Parameters=[], CommandType='"Text"', CommandTimeout='30']
SELECT EXISTS (
    SELECT 1
    FROM `Categoria` AS `c`)
[2022-09-21 23:03:19.170 -05:00 INF] Executed DbCommand (0ms) [Parameters=[], CommandType='"Text"', CommandTimeout='30']
SELECT EXISTS (
    SELECT 1
    FROM `Producto` AS `p`)
[2022-09-21 23:03:19.176 -05:00 INF] Executed DbCommand (0ms) [Parameters=[], CommandType='"Text"', CommandTimeout='30']
SELECT EXISTS (
    SELECT 1
    FROM `Rol` AS `r`)
[2022-09-21 23:03:19.346 -05:00 INF] User profile is available. Using 'C:\Users\diego.luna\AppData\Local\ASP.NET\DataProtection-Keys' as key repository and Windows DPAPI to encrypt keys at rest.
[2022-09-21 23:03:19.518 -05:00 INF] Now listening on: https://localhost:5001
[2022-09-21 23:03:19.520 -05:00 INF] Now listening on: http://localhost:5000
[2022-09-21 23:03:19.530 -05:00 INF] Application started. Press Ctrl+C to shut down.
[2022-09-21 23:03:19.532 -05:00 INF] Hosting environment: Development
[2022-09-21 23:03:19.533 -05:00 INF] Content root path: C:\ProyectosDiego\Core_Net6\BeerSoft.NetCore.Net6\BeerSoft.API\
[2022-09-21 23:03:29.238 -05:00 INF] Request starting HTTP/1.1 POST https://localhost:5001/api/usuarios/token application/json 72
[2022-09-21 23:03:29.678 -05:00 INF] Executing endpoint 'BeerSoft.API.Controllers.UsuariosController.GetTokenAsync (BeerSoft.API)'
[2022-09-21 23:03:29.705 -05:00 INF] Route matched with {action = "GetToken", controller = "Usuarios"}. Executing controller action with signature System.Threading.Tasks.Task`1[Microsoft.AspNetCore.Mvc.IActionResult] GetTokenAsync(API.Dtos.LoginDto) on controller BeerSoft.API.Controllers.UsuariosController (BeerSoft.API).
[2022-09-21 23:03:29.780 -05:00 INF] Entity Framework Core 6.0.8 initialized 'TiendaContext' using provider 'Pomelo.EntityFrameworkCore.MySql:6.0.2' with options: ServerVersion 8.0.28-mysql 
[2022-09-21 23:03:30.131 -05:00 WRN] Compiling a query which loads related collections for more than one collection navigation, either via 'Include' or through projection, but no 'QuerySplittingBehavior' has been configured. By default, Entity Framework will use 'QuerySplittingBehavior.SingleQuery', which can potentially result in slow query performance. See https://go.microsoft.com/fwlink/?linkid=2134277 for more information. To identify the query that's triggering this warning call 'ConfigureWarnings(w => w.Throw(RelationalEventId.MultipleCollectionIncludeWarning))'.
[2022-09-21 23:03:30.241 -05:00 INF] Executed DbCommand (33ms) [Parameters=[@__ToLower_0='?' (Size = 200)], CommandType='"Text"', CommandTimeout='30']
SELECT `t`.`Id`, `t`.`ApellidoMaterno`, `t`.`ApellidoPaterno`, `t`.`Email`, `t`.`Nombres`, `t`.`Password`, `t`.`Username`, `t0`.`UsuarioId`, `t0`.`RolId`, `t0`.`Id`, `t0`.`Nombre`, `r0`.`Id`, `r0`.`Created`, `r0`.`Expires`, `r0`.`Revoked`, `r0`.`Token`, `r0`.`UsuarioId`
FROM (
    SELECT `u`.`Id`, `u`.`ApellidoMaterno`, `u`.`ApellidoPaterno`, `u`.`Email`, `u`.`Nombres`, `u`.`Password`, `u`.`Username`
    FROM `Usuario` AS `u`
    WHERE LOWER(`u`.`Username`) = @__ToLower_0
    LIMIT 1
) AS `t`
LEFT JOIN (
    SELECT `u0`.`UsuarioId`, `u0`.`RolId`, `r`.`Id`, `r`.`Nombre`
    FROM `UsuariosRoles` AS `u0`
    INNER JOIN `Rol` AS `r` ON `u0`.`RolId` = `r`.`Id`
) AS `t0` ON `t`.`Id` = `t0`.`UsuarioId`
LEFT JOIN `RefreshToken` AS `r0` ON `t`.`Id` = `r0`.`UsuarioId`
ORDER BY `t`.`Id`, `t0`.`UsuarioId`, `t0`.`RolId`, `t0`.`Id`
[2022-09-21 23:03:30.468 -05:00 INF] Executing OkObjectResult, writing value of type 'API.Dtos.DatosUsuarioDto'.
[2022-09-21 23:03:30.497 -05:00 INF] Executed action BeerSoft.API.Controllers.UsuariosController.GetTokenAsync (BeerSoft.API) in 780.9395ms
[2022-09-21 23:03:30.499 -05:00 INF] Executed endpoint 'BeerSoft.API.Controllers.UsuariosController.GetTokenAsync (BeerSoft.API)'
[2022-09-21 23:03:30.516 -05:00 INF] Request finished HTTP/1.1 POST https://localhost:5001/api/usuarios/token application/json 72 - 200 - application/json;+charset=utf-8 1280.4833ms
[2022-09-21 23:03:34.328 -05:00 INF] Request starting HTTP/1.1 GET https://localhost:5001/api/Menus - -
[2022-09-21 23:03:34.342 -05:00 INF] Executing endpoint 'BeerSoft.API.Controllers.MenusController.Get (BeerSoft.API)'
[2022-09-21 23:03:34.345 -05:00 INF] Route matched with {action = "Get", controller = "Menus"}. Executing controller action with signature System.Threading.Tasks.Task`1[Microsoft.AspNetCore.Mvc.ActionResult`1[System.Collections.Generic.IEnumerable`1[BeerSoft.API.Dtos.MenuDto]]] Get() on controller BeerSoft.API.Controllers.MenusController (BeerSoft.API).
[2022-09-21 23:06:02.798 -05:00 INF] Entity Framework Core 6.0.8 initialized 'TiendaContext' using provider 'Pomelo.EntityFrameworkCore.MySql:6.0.2' with options: ServerVersion 8.0.28-mysql 
[2022-09-21 23:06:02.826 -05:00 INF] Executed DbCommand (5ms) [Parameters=[], CommandType='"Text"', CommandTimeout='30']
SELECT `m`.`Id`, `m`.`Activo`, `m`.`FechaAlta`, `m`.`Icono`, `m`.`MenuIdPadre`, `m`.`Roles`, `m`.`Titulo`, `m`.`Url`
FROM `Menu` AS `m`
[2022-09-21 23:06:05.155 -05:00 INF] Executing ObjectResult, writing value of type 'System.Collections.Generic.List`1[[BeerSoft.API.Dtos.MenuDto, BeerSoft.API, Version=1.0.0.0, Culture=neutral, PublicKeyToken=null]]'.
[2022-09-21 23:06:05.159 -05:00 INF] Executed action BeerSoft.API.Controllers.MenusController.Get (BeerSoft.API) in 150813.8005ms
[2022-09-21 23:06:05.159 -05:00 INF] Executed endpoint 'BeerSoft.API.Controllers.MenusController.Get (BeerSoft.API)'
[2022-09-21 23:06:05.162 -05:00 INF] Request finished HTTP/1.1 GET https://localhost:5001/api/Menus - - - 200 - application/json;+charset=utf-8 150831.9082ms
[2022-09-21 23:09:19.103 -05:00 INF] Entity Framework Core 6.0.8 initialized 'TiendaContext' using provider 'Pomelo.EntityFrameworkCore.MySql:6.0.2' with options: ServerVersion 8.0.28-mysql 
[2022-09-21 23:09:19.840 -05:00 INF] Executed DbCommand (24ms) [Parameters=[], CommandType='"Text"', CommandTimeout='30']
SELECT 1 FROM INFORMATION_SCHEMA.TABLES WHERE TABLE_SCHEMA='tiendaBD' AND TABLE_NAME='__EFMigrationsHistory';
[2022-09-21 23:09:19.910 -05:00 INF] Executed DbCommand (1ms) [Parameters=[], CommandType='"Text"', CommandTimeout='30']
SELECT 1 FROM INFORMATION_SCHEMA.TABLES WHERE TABLE_SCHEMA='tiendaBD' AND TABLE_NAME='__EFMigrationsHistory';
[2022-09-21 23:09:19.969 -05:00 INF] Executed DbCommand (11ms) [Parameters=[], CommandType='"Text"', CommandTimeout='30']
SELECT `MigrationId`, `ProductVersion`
FROM `__EFMigrationsHistory`
ORDER BY `MigrationId`;
[2022-09-21 23:09:20.003 -05:00 INF] No migrations were applied. The database is already up to date.
[2022-09-21 23:09:20.437 -05:00 INF] Executed DbCommand (2ms) [Parameters=[], CommandType='"Text"', CommandTimeout='30']
SELECT EXISTS (
    SELECT 1
    FROM `Marca` AS `m`)
[2022-09-21 23:09:20.451 -05:00 INF] Executed DbCommand (0ms) [Parameters=[], CommandType='"Text"', CommandTimeout='30']
SELECT EXISTS (
    SELECT 1
    FROM `Categoria` AS `c`)
[2022-09-21 23:09:20.460 -05:00 INF] Executed DbCommand (1ms) [Parameters=[], CommandType='"Text"', CommandTimeout='30']
SELECT EXISTS (
    SELECT 1
    FROM `Producto` AS `p`)
[2022-09-21 23:09:20.467 -05:00 INF] Executed DbCommand (1ms) [Parameters=[], CommandType='"Text"', CommandTimeout='30']
SELECT EXISTS (
    SELECT 1
    FROM `Rol` AS `r`)
[2022-09-21 23:09:20.636 -05:00 INF] User profile is available. Using 'C:\Users\diego.luna\AppData\Local\ASP.NET\DataProtection-Keys' as key repository and Windows DPAPI to encrypt keys at rest.
[2022-09-21 23:09:20.812 -05:00 INF] Now listening on: https://localhost:5001
[2022-09-21 23:09:20.814 -05:00 INF] Now listening on: http://localhost:5000
[2022-09-21 23:09:20.823 -05:00 INF] Application started. Press Ctrl+C to shut down.
[2022-09-21 23:09:20.825 -05:00 INF] Hosting environment: Development
[2022-09-21 23:09:20.827 -05:00 INF] Content root path: C:\ProyectosDiego\Core_Net6\BeerSoft.NetCore.Net6\BeerSoft.API\
[2022-09-21 23:09:29.955 -05:00 INF] Request starting HTTP/1.1 POST https://localhost:5001/api/usuarios/token application/json 72
[2022-09-21 23:09:30.379 -05:00 INF] Executing endpoint 'BeerSoft.API.Controllers.UsuariosController.GetTokenAsync (BeerSoft.API)'
[2022-09-21 23:09:30.406 -05:00 INF] Route matched with {action = "GetToken", controller = "Usuarios"}. Executing controller action with signature System.Threading.Tasks.Task`1[Microsoft.AspNetCore.Mvc.IActionResult] GetTokenAsync(API.Dtos.LoginDto) on controller BeerSoft.API.Controllers.UsuariosController (BeerSoft.API).
[2022-09-21 23:09:30.487 -05:00 INF] Entity Framework Core 6.0.8 initialized 'TiendaContext' using provider 'Pomelo.EntityFrameworkCore.MySql:6.0.2' with options: ServerVersion 8.0.28-mysql 
[2022-09-21 23:09:30.836 -05:00 WRN] Compiling a query which loads related collections for more than one collection navigation, either via 'Include' or through projection, but no 'QuerySplittingBehavior' has been configured. By default, Entity Framework will use 'QuerySplittingBehavior.SingleQuery', which can potentially result in slow query performance. See https://go.microsoft.com/fwlink/?linkid=2134277 for more information. To identify the query that's triggering this warning call 'ConfigureWarnings(w => w.Throw(RelationalEventId.MultipleCollectionIncludeWarning))'.
[2022-09-21 23:09:30.977 -05:00 INF] Executed DbCommand (28ms) [Parameters=[@__ToLower_0='?' (Size = 200)], CommandType='"Text"', CommandTimeout='30']
SELECT `t`.`Id`, `t`.`ApellidoMaterno`, `t`.`ApellidoPaterno`, `t`.`Email`, `t`.`Nombres`, `t`.`Password`, `t`.`Username`, `t0`.`UsuarioId`, `t0`.`RolId`, `t0`.`Id`, `t0`.`Nombre`, `r0`.`Id`, `r0`.`Created`, `r0`.`Expires`, `r0`.`Revoked`, `r0`.`Token`, `r0`.`UsuarioId`
FROM (
    SELECT `u`.`Id`, `u`.`ApellidoMaterno`, `u`.`ApellidoPaterno`, `u`.`Email`, `u`.`Nombres`, `u`.`Password`, `u`.`Username`
    FROM `Usuario` AS `u`
    WHERE LOWER(`u`.`Username`) = @__ToLower_0
    LIMIT 1
) AS `t`
LEFT JOIN (
    SELECT `u0`.`UsuarioId`, `u0`.`RolId`, `r`.`Id`, `r`.`Nombre`
    FROM `UsuariosRoles` AS `u0`
    INNER JOIN `Rol` AS `r` ON `u0`.`RolId` = `r`.`Id`
) AS `t0` ON `t`.`Id` = `t0`.`UsuarioId`
LEFT JOIN `RefreshToken` AS `r0` ON `t`.`Id` = `r0`.`UsuarioId`
ORDER BY `t`.`Id`, `t0`.`UsuarioId`, `t0`.`RolId`, `t0`.`Id`
[2022-09-21 23:09:31.193 -05:00 INF] Executing OkObjectResult, writing value of type 'API.Dtos.DatosUsuarioDto'.
[2022-09-21 23:09:31.224 -05:00 INF] Executed action BeerSoft.API.Controllers.UsuariosController.GetTokenAsync (BeerSoft.API) in 803.4901ms
[2022-09-21 23:09:31.226 -05:00 INF] Executed endpoint 'BeerSoft.API.Controllers.UsuariosController.GetTokenAsync (BeerSoft.API)'
[2022-09-21 23:09:31.240 -05:00 INF] Request finished HTTP/1.1 POST https://localhost:5001/api/usuarios/token application/json 72 - 200 - application/json;+charset=utf-8 1289.5528ms
[2022-09-21 23:09:35.833 -05:00 INF] Request starting HTTP/1.1 GET https://localhost:5001/api/Menus - -
[2022-09-21 23:09:35.850 -05:00 INF] Executing endpoint 'BeerSoft.API.Controllers.MenusController.Get (BeerSoft.API)'
[2022-09-21 23:09:35.853 -05:00 INF] Route matched with {action = "Get", controller = "Menus"}. Executing controller action with signature System.Threading.Tasks.Task`1[Microsoft.AspNetCore.Mvc.ActionResult`1[System.Collections.Generic.IEnumerable`1[BeerSoft.API.Dtos.MenuDto]]] Get() on controller BeerSoft.API.Controllers.MenusController (BeerSoft.API).
[2022-09-21 23:10:14.870 -05:00 INF] Executed action BeerSoft.API.Controllers.MenusController.Get (BeerSoft.API) in 39016.7999ms
[2022-09-21 23:10:14.872 -05:00 INF] Executed endpoint 'BeerSoft.API.Controllers.MenusController.Get (BeerSoft.API)'
[2022-09-21 23:10:18.041 -05:00 ERR] Object reference not set to an instance of an object.
System.NullReferenceException: Object reference not set to an instance of an object.
   at BeerSoft.API.Helpers.UsuarioClaim.getValueClaim(EnumClaim claim) in C:\ProyectosDiego\Core_Net6\BeerSoft.NetCore.Net6\BeerSoft.API\Helpers\UsuarioClaim.cs:line 34
   at BeerSoft.API.Helpers.UsuarioClaim.get_UserID() in C:\ProyectosDiego\Core_Net6\BeerSoft.NetCore.Net6\BeerSoft.API\Helpers\UsuarioClaim.cs:line 29
   at BeerSoft.API.Controllers.MenusController.Get() in C:\ProyectosDiego\Core_Net6\BeerSoft.NetCore.Net6\BeerSoft.API\Controllers\MenusController.cs:line 31
   at lambda_method175(Closure , Object )
   at Microsoft.AspNetCore.Mvc.Infrastructure.ActionMethodExecutor.AwaitableObjectResultExecutor.Execute(IActionResultTypeMapper mapper, ObjectMethodExecutor executor, Object controller, Object[] arguments)
   at Microsoft.AspNetCore.Mvc.Infrastructure.ControllerActionInvoker.<InvokeActionMethodAsync>g__Awaited|12_0(ControllerActionInvoker invoker, ValueTask`1 actionResultValueTask)
   at Microsoft.AspNetCore.Mvc.Infrastructure.ControllerActionInvoker.<InvokeNextActionFilterAsync>g__Awaited|10_0(ControllerActionInvoker invoker, Task lastTask, State next, Scope scope, Object state, Boolean isCompleted)
   at Microsoft.AspNetCore.Mvc.Infrastructure.ControllerActionInvoker.Rethrow(ActionExecutedContextSealed context)
   at Microsoft.AspNetCore.Mvc.Infrastructure.ControllerActionInvoker.Next(State& next, Scope& scope, Object& state, Boolean& isCompleted)
   at Microsoft.AspNetCore.Mvc.Infrastructure.ControllerActionInvoker.InvokeInnerFilterAsync()
--- End of stack trace from previous location ---
   at Microsoft.AspNetCore.Mvc.Infrastructure.ResourceInvoker.<InvokeFilterPipelineAsync>g__Awaited|20_0(ResourceInvoker invoker, Task lastTask, State next, Scope scope, Object state, Boolean isCompleted)
   at Microsoft.AspNetCore.Mvc.Infrastructure.ResourceInvoker.<InvokeAsync>g__Logged|17_1(ResourceInvoker invoker)
   at Microsoft.AspNetCore.Mvc.Infrastructure.ResourceInvoker.<InvokeAsync>g__Logged|17_1(ResourceInvoker invoker)
   at Microsoft.AspNetCore.Routing.EndpointMiddleware.<Invoke>g__AwaitRequestTask|6_0(Endpoint endpoint, Task requestTask, ILogger logger)
   at Microsoft.AspNetCore.Authorization.Policy.AuthorizationMiddlewareResultHandler.HandleAsync(RequestDelegate next, HttpContext context, AuthorizationPolicy policy, PolicyAuthorizationResult authorizeResult)
   at Microsoft.AspNetCore.Authorization.AuthorizationMiddleware.Invoke(HttpContext context)
   at Microsoft.AspNetCore.Authentication.AuthenticationMiddleware.Invoke(HttpContext context)
   at Swashbuckle.AspNetCore.SwaggerUI.SwaggerUIMiddleware.Invoke(HttpContext httpContext)
   at Swashbuckle.AspNetCore.Swagger.SwaggerMiddleware.Invoke(HttpContext httpContext, ISwaggerProvider swaggerProvider)
   at BeerSoft.API.Helpers.Errors.ExceptionMiddleware.InvokeAsync(HttpContext context) in C:\ProyectosDiego\Core_Net6\BeerSoft.NetCore.Net6\BeerSoft.API\Helpers\Errors\ExceptionMiddleware.cs:line 23
[2022-09-21 23:10:18.052 -05:00 INF] Request finished HTTP/1.1 GET https://localhost:5001/api/Menus - - - 500 - application/json 42216.1472ms
[2022-09-21 23:27:38.153 -05:00 INF] Entity Framework Core 6.0.8 initialized 'TiendaContext' using provider 'Pomelo.EntityFrameworkCore.MySql:6.0.2' with options: ServerVersion 8.0.28-mysql 
[2022-09-21 23:27:38.784 -05:00 INF] Executed DbCommand (24ms) [Parameters=[], CommandType='"Text"', CommandTimeout='30']
SELECT 1 FROM INFORMATION_SCHEMA.TABLES WHERE TABLE_SCHEMA='tiendaBD' AND TABLE_NAME='__EFMigrationsHistory';
[2022-09-21 23:27:38.859 -05:00 INF] Executed DbCommand (1ms) [Parameters=[], CommandType='"Text"', CommandTimeout='30']
SELECT 1 FROM INFORMATION_SCHEMA.TABLES WHERE TABLE_SCHEMA='tiendaBD' AND TABLE_NAME='__EFMigrationsHistory';
[2022-09-21 23:27:38.913 -05:00 INF] Executed DbCommand (9ms) [Parameters=[], CommandType='"Text"', CommandTimeout='30']
SELECT `MigrationId`, `ProductVersion`
FROM `__EFMigrationsHistory`
ORDER BY `MigrationId`;
[2022-09-21 23:27:38.951 -05:00 INF] No migrations were applied. The database is already up to date.
[2022-09-21 23:27:39.369 -05:00 INF] Executed DbCommand (2ms) [Parameters=[], CommandType='"Text"', CommandTimeout='30']
SELECT EXISTS (
    SELECT 1
    FROM `Marca` AS `m`)
[2022-09-21 23:27:39.378 -05:00 INF] Executed DbCommand (0ms) [Parameters=[], CommandType='"Text"', CommandTimeout='30']
SELECT EXISTS (
    SELECT 1
    FROM `Categoria` AS `c`)
[2022-09-21 23:27:39.382 -05:00 INF] Executed DbCommand (0ms) [Parameters=[], CommandType='"Text"', CommandTimeout='30']
SELECT EXISTS (
    SELECT 1
    FROM `Producto` AS `p`)
[2022-09-21 23:27:39.388 -05:00 INF] Executed DbCommand (0ms) [Parameters=[], CommandType='"Text"', CommandTimeout='30']
SELECT EXISTS (
    SELECT 1
    FROM `Rol` AS `r`)
[2022-09-21 23:27:39.538 -05:00 INF] User profile is available. Using 'C:\Users\diego.luna\AppData\Local\ASP.NET\DataProtection-Keys' as key repository and Windows DPAPI to encrypt keys at rest.
[2022-09-21 23:27:39.700 -05:00 INF] Now listening on: https://localhost:5001
[2022-09-21 23:27:39.702 -05:00 INF] Now listening on: http://localhost:5000
[2022-09-21 23:27:39.715 -05:00 INF] Application started. Press Ctrl+C to shut down.
[2022-09-21 23:27:39.717 -05:00 INF] Hosting environment: Development
[2022-09-21 23:27:39.719 -05:00 INF] Content root path: C:\ProyectosDiego\Core_Net6\BeerSoft.NetCore.Net6\BeerSoft.API\
[2022-09-21 23:27:44.998 -05:00 INF] Request starting HTTP/1.1 GET https://localhost:5001/api/Menus - -
[2022-09-21 23:27:45.432 -05:00 INF] Executing endpoint 'BeerSoft.API.Controllers.MenusController.Get (BeerSoft.API)'
[2022-09-21 23:27:45.446 -05:00 INF] Route matched with {action = "Get", controller = "Menus"}. Executing controller action with signature System.Threading.Tasks.Task`1[Microsoft.AspNetCore.Mvc.ActionResult`1[System.Collections.Generic.IEnumerable`1[BeerSoft.API.Dtos.MenuDto]]] Get() on controller BeerSoft.API.Controllers.MenusController (BeerSoft.API).
[2022-09-21 23:29:35.615 -05:00 INF] Entity Framework Core 6.0.8 initialized 'TiendaContext' using provider 'Pomelo.EntityFrameworkCore.MySql:6.0.2' with options: ServerVersion 8.0.28-mysql 
[2022-09-21 23:29:36.259 -05:00 INF] Executed DbCommand (26ms) [Parameters=[], CommandType='"Text"', CommandTimeout='30']
SELECT 1 FROM INFORMATION_SCHEMA.TABLES WHERE TABLE_SCHEMA='tiendaBD' AND TABLE_NAME='__EFMigrationsHistory';
[2022-09-21 23:29:36.320 -05:00 INF] Executed DbCommand (1ms) [Parameters=[], CommandType='"Text"', CommandTimeout='30']
SELECT 1 FROM INFORMATION_SCHEMA.TABLES WHERE TABLE_SCHEMA='tiendaBD' AND TABLE_NAME='__EFMigrationsHistory';
[2022-09-21 23:29:36.388 -05:00 INF] Executed DbCommand (21ms) [Parameters=[], CommandType='"Text"', CommandTimeout='30']
SELECT `MigrationId`, `ProductVersion`
FROM `__EFMigrationsHistory`
ORDER BY `MigrationId`;
[2022-09-21 23:29:36.423 -05:00 INF] No migrations were applied. The database is already up to date.
[2022-09-21 23:29:36.860 -05:00 INF] Executed DbCommand (2ms) [Parameters=[], CommandType='"Text"', CommandTimeout='30']
SELECT EXISTS (
    SELECT 1
    FROM `Marca` AS `m`)
[2022-09-21 23:29:36.871 -05:00 INF] Executed DbCommand (0ms) [Parameters=[], CommandType='"Text"', CommandTimeout='30']
SELECT EXISTS (
    SELECT 1
    FROM `Categoria` AS `c`)
[2022-09-21 23:29:36.875 -05:00 INF] Executed DbCommand (0ms) [Parameters=[], CommandType='"Text"', CommandTimeout='30']
SELECT EXISTS (
    SELECT 1
    FROM `Producto` AS `p`)
[2022-09-21 23:29:36.881 -05:00 INF] Executed DbCommand (1ms) [Parameters=[], CommandType='"Text"', CommandTimeout='30']
SELECT EXISTS (
    SELECT 1
    FROM `Rol` AS `r`)
[2022-09-21 23:29:37.035 -05:00 INF] User profile is available. Using 'C:\Users\diego.luna\AppData\Local\ASP.NET\DataProtection-Keys' as key repository and Windows DPAPI to encrypt keys at rest.
[2022-09-21 23:29:37.188 -05:00 INF] Now listening on: https://localhost:5001
[2022-09-21 23:29:37.190 -05:00 INF] Now listening on: http://localhost:5000
[2022-09-21 23:29:37.202 -05:00 INF] Application started. Press Ctrl+C to shut down.
[2022-09-21 23:29:37.204 -05:00 INF] Hosting environment: Development
[2022-09-21 23:29:37.206 -05:00 INF] Content root path: C:\ProyectosDiego\Core_Net6\BeerSoft.NetCore.Net6\BeerSoft.API\
