[2022-09-19 19:46:00.016 -05:00 INF] Entity Framework Core 6.0.8 initialized 'TiendaContext' using provider 'Pomelo.EntityFrameworkCore.MySql:6.0.2' with options: ServerVersion 8.0.28-mysql 
[2022-09-19 19:46:01.153 -05:00 INF] Executed DbCommand (73ms) [Parameters=[], CommandType='"Text"', CommandTimeout='30']
SELECT 1 FROM INFORMATION_SCHEMA.TABLES WHERE TABLE_SCHEMA='tiendaBD' AND TABLE_NAME='__EFMigrationsHistory';
[2022-09-19 19:46:01.238 -05:00 INF] Executed DbCommand (3ms) [Parameters=[], CommandType='"Text"', CommandTimeout='30']
SELECT 1 FROM INFORMATION_SCHEMA.TABLES WHERE TABLE_SCHEMA='tiendaBD' AND TABLE_NAME='__EFMigrationsHistory';
[2022-09-19 19:46:01.313 -05:00 INF] Executed DbCommand (25ms) [Parameters=[], CommandType='"Text"', CommandTimeout='30']
SELECT `MigrationId`, `ProductVersion`
FROM `__EFMigrationsHistory`
ORDER BY `MigrationId`;
[2022-09-19 19:46:01.351 -05:00 INF] No migrations were applied. The database is already up to date.
[2022-09-19 19:46:01.875 -05:00 INF] Executed DbCommand (15ms) [Parameters=[], CommandType='"Text"', CommandTimeout='30']
SELECT EXISTS (
    SELECT 1
    FROM `Marca` AS `m`)
[2022-09-19 19:46:01.895 -05:00 INF] Executed DbCommand (10ms) [Parameters=[], CommandType='"Text"', CommandTimeout='30']
SELECT EXISTS (
    SELECT 1
    FROM `Categoria` AS `c`)
[2022-09-19 19:46:01.908 -05:00 INF] Executed DbCommand (9ms) [Parameters=[], CommandType='"Text"', CommandTimeout='30']
SELECT EXISTS (
    SELECT 1
    FROM `Producto` AS `p`)
[2022-09-19 19:46:01.927 -05:00 INF] Executed DbCommand (13ms) [Parameters=[], CommandType='"Text"', CommandTimeout='30']
SELECT EXISTS (
    SELECT 1
    FROM `Rol` AS `r`)
[2022-09-19 19:46:02.381 -05:00 INF] User profile is available. Using 'C:\Users\diego.luna\AppData\Local\ASP.NET\DataProtection-Keys' as key repository and Windows DPAPI to encrypt keys at rest.
[2022-09-19 19:46:02.795 -05:00 INF] Now listening on: https://localhost:5001
[2022-09-19 19:46:02.797 -05:00 INF] Now listening on: http://localhost:5000
[2022-09-19 19:46:02.809 -05:00 INF] Application started. Press Ctrl+C to shut down.
[2022-09-19 19:46:02.811 -05:00 INF] Hosting environment: Development
[2022-09-19 19:46:02.814 -05:00 INF] Content root path: C:\ProyectosDiego\Core_Net6\BeerSoft.NetCore.Net6\BeerSoft.API\
[2022-09-19 19:46:16.892 -05:00 INF] Request starting HTTP/2 OPTIONS https://localhost:5001/api/usuarios/token - -
[2022-09-19 19:46:16.981 -05:00 INF] CORS policy execution successful.
[2022-09-19 19:46:17.040 -05:00 INF] Request finished HTTP/2 OPTIONS https://localhost:5001/api/usuarios/token - - - 204 - - 151.5953ms
[2022-09-19 19:46:17.042 -05:00 INF] Request starting HTTP/2 POST https://localhost:5001/api/usuarios/token application/json 58
[2022-09-19 19:46:17.047 -05:00 INF] CORS policy execution successful.
[2022-09-19 19:46:17.513 -05:00 INF] Executing endpoint 'BeerSoft.API.Controllers.UsuariosController.GetTokenAsync (BeerSoft.API)'
[2022-09-19 19:46:17.538 -05:00 INF] Route matched with {action = "GetToken", controller = "Usuarios"}. Executing controller action with signature System.Threading.Tasks.Task`1[Microsoft.AspNetCore.Mvc.IActionResult] GetTokenAsync(API.Dtos.LoginDto) on controller BeerSoft.API.Controllers.UsuariosController (BeerSoft.API).
[2022-09-19 19:46:17.634 -05:00 INF] Entity Framework Core 6.0.8 initialized 'TiendaContext' using provider 'Pomelo.EntityFrameworkCore.MySql:6.0.2' with options: ServerVersion 8.0.28-mysql 
[2022-09-19 19:46:17.959 -05:00 WRN] Compiling a query which loads related collections for more than one collection navigation, either via 'Include' or through projection, but no 'QuerySplittingBehavior' has been configured. By default, Entity Framework will use 'QuerySplittingBehavior.SingleQuery', which can potentially result in slow query performance. See https://go.microsoft.com/fwlink/?linkid=2134277 for more information. To identify the query that's triggering this warning call 'ConfigureWarnings(w => w.Throw(RelationalEventId.MultipleCollectionIncludeWarning))'.
[2022-09-19 19:46:18.087 -05:00 INF] Executed DbCommand (59ms) [Parameters=[@__ToLower_0='?' (Size = 200)], CommandType='"Text"', CommandTimeout='30']
SELECT `t`.`Id`, `t`.`ApellidoMaterno`, `t`.`ApellidoPaterno`, `t`.`Email`, `t`.`Nombres`, `t`.`Password`, `t`.`Username`, `t0`.`UsuarioId`, `t0`.`RolId`, `t0`.`Id`, `t0`.`Nombre`, `r0`.`Id`, `r0`.`Created`, `r0`.`Expires`, `r0`.`Revoked`, `r0`.`Token`, `r0`.`UsuarioId`
FROM (
    SELECT `u`.`Id`, `u`.`ApellidoMaterno`, `u`.`ApellidoPaterno`, `u`.`Email`, `u`.`Nombres`, `u`.`Password`, `u`.`Username`
    FROM `Usuario` AS `u`
    WHERE LOWER(`u`.`Username`) = @__ToLower_0
    LIMIT 1
) AS `t`
LEFT JOIN (
    SELECT `u0`.`UsuarioId`, `u0`.`RolId`, `r`.`Id`, `r`.`Nombre`
    FROM `UsuariosRoles` AS `u0`
    INNER JOIN `Rol` AS `r` ON `u0`.`RolId` = `r`.`Id`
) AS `t0` ON `t`.`Id` = `t0`.`UsuarioId`
LEFT JOIN `RefreshToken` AS `r0` ON `t`.`Id` = `r0`.`UsuarioId`
ORDER BY `t`.`Id`, `t0`.`UsuarioId`, `t0`.`RolId`, `t0`.`Id`
[2022-09-19 19:46:18.631 -05:00 INF] Executing OkObjectResult, writing value of type 'API.Dtos.DatosUsuarioDto'.
[2022-09-19 19:46:18.656 -05:00 INF] Executed action BeerSoft.API.Controllers.UsuariosController.GetTokenAsync (BeerSoft.API) in 1112.9367ms
[2022-09-19 19:46:18.658 -05:00 INF] Executed endpoint 'BeerSoft.API.Controllers.UsuariosController.GetTokenAsync (BeerSoft.API)'
[2022-09-19 19:46:18.668 -05:00 INF] Request finished HTTP/2 POST https://localhost:5001/api/usuarios/token application/json 58 - 200 - application/json;+charset=utf-8 1626.7458ms
[2022-09-19 20:33:05.524 -05:00 INF] Request starting HTTP/2 OPTIONS https://localhost:5001/api/usuarios/token - -
[2022-09-19 20:33:05.537 -05:00 INF] CORS policy execution successful.
[2022-09-19 20:33:05.537 -05:00 INF] Request finished HTTP/2 OPTIONS https://localhost:5001/api/usuarios/token - - - 204 - - 13.5670ms
[2022-09-19 20:33:05.553 -05:00 INF] Request starting HTTP/2 POST https://localhost:5001/api/usuarios/token application/json 58
[2022-09-19 20:33:05.553 -05:00 INF] CORS policy execution successful.
[2022-09-19 20:33:05.663 -05:00 INF] Failed to validate the token.
Microsoft.IdentityModel.Tokens.SecurityTokenExpiredException: IDX10223: Lifetime validation failed. The token is expired. ValidTo: '20/09/2022 01:16:18 a. m.', Current time: '20/09/2022 01:33:05 a. m.'.
   at Microsoft.IdentityModel.Tokens.Validators.ValidateLifetime(Nullable`1 notBefore, Nullable`1 expires, SecurityToken securityToken, TokenValidationParameters validationParameters)
   at System.IdentityModel.Tokens.Jwt.JwtSecurityTokenHandler.ValidateTokenPayload(JwtSecurityToken jwtToken, TokenValidationParameters validationParameters, BaseConfiguration configuration)
   at System.IdentityModel.Tokens.Jwt.JwtSecurityTokenHandler.ValidateJWS(String token, TokenValidationParameters validationParameters, BaseConfiguration currentConfiguration, SecurityToken& signatureValidatedToken, ExceptionDispatchInfo& exceptionThrown)
--- End of stack trace from previous location ---
   at System.IdentityModel.Tokens.Jwt.JwtSecurityTokenHandler.ValidateToken(String token, JwtSecurityToken outerToken, TokenValidationParameters validationParameters, SecurityToken& signatureValidatedToken)
   at System.IdentityModel.Tokens.Jwt.JwtSecurityTokenHandler.ValidateToken(String token, TokenValidationParameters validationParameters, SecurityToken& validatedToken)
   at Microsoft.AspNetCore.Authentication.JwtBearer.JwtBearerHandler.HandleAuthenticateAsync()
[2022-09-19 20:33:05.859 -05:00 INF] Bearer was not authenticated. Failure message: IDX10223: Lifetime validation failed. The token is expired. ValidTo: '20/09/2022 01:16:18 a. m.', Current time: '20/09/2022 01:33:05 a. m.'.
[2022-09-19 20:33:05.859 -05:00 INF] Executing endpoint 'BeerSoft.API.Controllers.UsuariosController.GetTokenAsync (BeerSoft.API)'
[2022-09-19 20:33:05.859 -05:00 INF] Route matched with {action = "GetToken", controller = "Usuarios"}. Executing controller action with signature System.Threading.Tasks.Task`1[Microsoft.AspNetCore.Mvc.IActionResult] GetTokenAsync(API.Dtos.LoginDto) on controller BeerSoft.API.Controllers.UsuariosController (BeerSoft.API).
[2022-09-19 20:33:05.908 -05:00 INF] Entity Framework Core 6.0.8 initialized 'TiendaContext' using provider 'Pomelo.EntityFrameworkCore.MySql:6.0.2' with options: ServerVersion 8.0.28-mysql 
[2022-09-19 20:33:05.948 -05:00 INF] Executed DbCommand (4ms) [Parameters=[@__ToLower_0='?' (Size = 200)], CommandType='"Text"', CommandTimeout='30']
SELECT `t`.`Id`, `t`.`ApellidoMaterno`, `t`.`ApellidoPaterno`, `t`.`Email`, `t`.`Nombres`, `t`.`Password`, `t`.`Username`, `t0`.`UsuarioId`, `t0`.`RolId`, `t0`.`Id`, `t0`.`Nombre`, `r0`.`Id`, `r0`.`Created`, `r0`.`Expires`, `r0`.`Revoked`, `r0`.`Token`, `r0`.`UsuarioId`
FROM (
    SELECT `u`.`Id`, `u`.`ApellidoMaterno`, `u`.`ApellidoPaterno`, `u`.`Email`, `u`.`Nombres`, `u`.`Password`, `u`.`Username`
    FROM `Usuario` AS `u`
    WHERE LOWER(`u`.`Username`) = @__ToLower_0
    LIMIT 1
) AS `t`
LEFT JOIN (
    SELECT `u0`.`UsuarioId`, `u0`.`RolId`, `r`.`Id`, `r`.`Nombre`
    FROM `UsuariosRoles` AS `u0`
    INNER JOIN `Rol` AS `r` ON `u0`.`RolId` = `r`.`Id`
) AS `t0` ON `t`.`Id` = `t0`.`UsuarioId`
LEFT JOIN `RefreshToken` AS `r0` ON `t`.`Id` = `r0`.`UsuarioId`
ORDER BY `t`.`Id`, `t0`.`UsuarioId`, `t0`.`RolId`, `t0`.`Id`
[2022-09-19 20:33:05.957 -05:00 INF] Executing OkObjectResult, writing value of type 'API.Dtos.DatosUsuarioDto'.
[2022-09-19 20:33:05.958 -05:00 INF] Executed action BeerSoft.API.Controllers.UsuariosController.GetTokenAsync (BeerSoft.API) in 98.3323ms
[2022-09-19 20:33:05.958 -05:00 INF] Executed endpoint 'BeerSoft.API.Controllers.UsuariosController.GetTokenAsync (BeerSoft.API)'
[2022-09-19 20:33:05.958 -05:00 INF] Request finished HTTP/2 POST https://localhost:5001/api/usuarios/token application/json 58 - 200 - application/json;+charset=utf-8 404.9689ms
[2022-09-19 21:54:40.695 -05:00 INF] Request starting HTTP/2 OPTIONS https://localhost:5001/api/usuarios/token - -
[2022-09-19 21:54:40.697 -05:00 INF] CORS policy execution successful.
[2022-09-19 21:54:40.698 -05:00 INF] Request finished HTTP/2 OPTIONS https://localhost:5001/api/usuarios/token - - - 204 - - 3.1696ms
[2022-09-19 21:54:40.704 -05:00 INF] Request starting HTTP/2 POST https://localhost:5001/api/usuarios/token application/json 58
[2022-09-19 21:54:40.705 -05:00 INF] CORS policy execution successful.
[2022-09-19 21:54:40.710 -05:00 INF] Executing endpoint 'BeerSoft.API.Controllers.UsuariosController.GetTokenAsync (BeerSoft.API)'
[2022-09-19 21:54:40.711 -05:00 INF] Route matched with {action = "GetToken", controller = "Usuarios"}. Executing controller action with signature System.Threading.Tasks.Task`1[Microsoft.AspNetCore.Mvc.IActionResult] GetTokenAsync(API.Dtos.LoginDto) on controller BeerSoft.API.Controllers.UsuariosController (BeerSoft.API).
[2022-09-19 21:54:40.720 -05:00 INF] Entity Framework Core 6.0.8 initialized 'TiendaContext' using provider 'Pomelo.EntityFrameworkCore.MySql:6.0.2' with options: ServerVersion 8.0.28-mysql 
[2022-09-19 21:54:40.767 -05:00 INF] Executed DbCommand (4ms) [Parameters=[@__ToLower_0='?' (Size = 200)], CommandType='"Text"', CommandTimeout='30']
SELECT `t`.`Id`, `t`.`ApellidoMaterno`, `t`.`ApellidoPaterno`, `t`.`Email`, `t`.`Nombres`, `t`.`Password`, `t`.`Username`, `t0`.`UsuarioId`, `t0`.`RolId`, `t0`.`Id`, `t0`.`Nombre`, `r0`.`Id`, `r0`.`Created`, `r0`.`Expires`, `r0`.`Revoked`, `r0`.`Token`, `r0`.`UsuarioId`
FROM (
    SELECT `u`.`Id`, `u`.`ApellidoMaterno`, `u`.`ApellidoPaterno`, `u`.`Email`, `u`.`Nombres`, `u`.`Password`, `u`.`Username`
    FROM `Usuario` AS `u`
    WHERE LOWER(`u`.`Username`) = @__ToLower_0
    LIMIT 1
) AS `t`
LEFT JOIN (
    SELECT `u0`.`UsuarioId`, `u0`.`RolId`, `r`.`Id`, `r`.`Nombre`
    FROM `UsuariosRoles` AS `u0`
    INNER JOIN `Rol` AS `r` ON `u0`.`RolId` = `r`.`Id`
) AS `t0` ON `t`.`Id` = `t0`.`UsuarioId`
LEFT JOIN `RefreshToken` AS `r0` ON `t`.`Id` = `r0`.`UsuarioId`
ORDER BY `t`.`Id`, `t0`.`UsuarioId`, `t0`.`RolId`, `t0`.`Id`
[2022-09-19 21:54:40.782 -05:00 INF] Executing OkObjectResult, writing value of type 'API.Dtos.DatosUsuarioDto'.
[2022-09-19 21:54:40.782 -05:00 INF] Executed action BeerSoft.API.Controllers.UsuariosController.GetTokenAsync (BeerSoft.API) in 70.5789ms
[2022-09-19 21:54:40.782 -05:00 INF] Executed endpoint 'BeerSoft.API.Controllers.UsuariosController.GetTokenAsync (BeerSoft.API)'
[2022-09-19 21:54:40.783 -05:00 INF] Request finished HTTP/2 POST https://localhost:5001/api/usuarios/token application/json 58 - 200 - application/json;+charset=utf-8 78.4247ms
[2022-09-19 21:55:01.189 -05:00 INF] Request starting HTTP/2 OPTIONS https://localhost:5001/api/usuarios/token - -
[2022-09-19 21:55:01.195 -05:00 INF] CORS policy execution successful.
[2022-09-19 21:55:01.195 -05:00 INF] Request finished HTTP/2 OPTIONS https://localhost:5001/api/usuarios/token - - - 204 - - 8.8337ms
[2022-09-19 21:55:01.204 -05:00 INF] Request starting HTTP/2 POST https://localhost:5001/api/usuarios/token application/json 58
[2022-09-19 21:55:01.204 -05:00 INF] CORS policy execution successful.
[2022-09-19 21:55:01.205 -05:00 INF] Executing endpoint 'BeerSoft.API.Controllers.UsuariosController.GetTokenAsync (BeerSoft.API)'
[2022-09-19 21:55:01.205 -05:00 INF] Route matched with {action = "GetToken", controller = "Usuarios"}. Executing controller action with signature System.Threading.Tasks.Task`1[Microsoft.AspNetCore.Mvc.IActionResult] GetTokenAsync(API.Dtos.LoginDto) on controller BeerSoft.API.Controllers.UsuariosController (BeerSoft.API).
[2022-09-19 21:55:01.208 -05:00 INF] Entity Framework Core 6.0.8 initialized 'TiendaContext' using provider 'Pomelo.EntityFrameworkCore.MySql:6.0.2' with options: ServerVersion 8.0.28-mysql 
[2022-09-19 21:55:01.216 -05:00 INF] Executed DbCommand (2ms) [Parameters=[@__ToLower_0='?' (Size = 200)], CommandType='"Text"', CommandTimeout='30']
SELECT `t`.`Id`, `t`.`ApellidoMaterno`, `t`.`ApellidoPaterno`, `t`.`Email`, `t`.`Nombres`, `t`.`Password`, `t`.`Username`, `t0`.`UsuarioId`, `t0`.`RolId`, `t0`.`Id`, `t0`.`Nombre`, `r0`.`Id`, `r0`.`Created`, `r0`.`Expires`, `r0`.`Revoked`, `r0`.`Token`, `r0`.`UsuarioId`
FROM (
    SELECT `u`.`Id`, `u`.`ApellidoMaterno`, `u`.`ApellidoPaterno`, `u`.`Email`, `u`.`Nombres`, `u`.`Password`, `u`.`Username`
    FROM `Usuario` AS `u`
    WHERE LOWER(`u`.`Username`) = @__ToLower_0
    LIMIT 1
) AS `t`
LEFT JOIN (
    SELECT `u0`.`UsuarioId`, `u0`.`RolId`, `r`.`Id`, `r`.`Nombre`
    FROM `UsuariosRoles` AS `u0`
    INNER JOIN `Rol` AS `r` ON `u0`.`RolId` = `r`.`Id`
) AS `t0` ON `t`.`Id` = `t0`.`UsuarioId`
LEFT JOIN `RefreshToken` AS `r0` ON `t`.`Id` = `r0`.`UsuarioId`
ORDER BY `t`.`Id`, `t0`.`UsuarioId`, `t0`.`RolId`, `t0`.`Id`
[2022-09-19 21:55:01.225 -05:00 INF] Executing OkObjectResult, writing value of type 'API.Dtos.DatosUsuarioDto'.
[2022-09-19 21:55:01.225 -05:00 INF] Executed action BeerSoft.API.Controllers.UsuariosController.GetTokenAsync (BeerSoft.API) in 20.5535ms
[2022-09-19 21:55:01.226 -05:00 INF] Executed endpoint 'BeerSoft.API.Controllers.UsuariosController.GetTokenAsync (BeerSoft.API)'
[2022-09-19 21:55:01.226 -05:00 INF] Request finished HTTP/2 POST https://localhost:5001/api/usuarios/token application/json 58 - 200 - application/json;+charset=utf-8 21.7648ms
[2022-09-19 22:58:57.778 -05:00 INF] Request starting HTTP/2 OPTIONS https://localhost:5001/api/usuarios/token - -
[2022-09-19 22:58:57.780 -05:00 INF] CORS policy execution successful.
[2022-09-19 22:58:57.785 -05:00 INF] Request finished HTTP/2 OPTIONS https://localhost:5001/api/usuarios/token - - - 204 - - 8.4883ms
[2022-09-19 22:58:57.794 -05:00 INF] Request starting HTTP/2 POST https://localhost:5001/api/usuarios/token application/json 58
[2022-09-19 22:58:57.794 -05:00 INF] CORS policy execution successful.
[2022-09-19 22:58:57.795 -05:00 INF] Executing endpoint 'BeerSoft.API.Controllers.UsuariosController.GetTokenAsync (BeerSoft.API)'
[2022-09-19 22:58:57.795 -05:00 INF] Route matched with {action = "GetToken", controller = "Usuarios"}. Executing controller action with signature System.Threading.Tasks.Task`1[Microsoft.AspNetCore.Mvc.IActionResult] GetTokenAsync(API.Dtos.LoginDto) on controller BeerSoft.API.Controllers.UsuariosController (BeerSoft.API).
[2022-09-19 22:58:57.798 -05:00 INF] Entity Framework Core 6.0.8 initialized 'TiendaContext' using provider 'Pomelo.EntityFrameworkCore.MySql:6.0.2' with options: ServerVersion 8.0.28-mysql 
[2022-09-19 22:58:57.837 -05:00 INF] Executed DbCommand (4ms) [Parameters=[@__ToLower_0='?' (Size = 200)], CommandType='"Text"', CommandTimeout='30']
SELECT `t`.`Id`, `t`.`ApellidoMaterno`, `t`.`ApellidoPaterno`, `t`.`Email`, `t`.`Nombres`, `t`.`Password`, `t`.`Username`, `t0`.`UsuarioId`, `t0`.`RolId`, `t0`.`Id`, `t0`.`Nombre`, `r0`.`Id`, `r0`.`Created`, `r0`.`Expires`, `r0`.`Revoked`, `r0`.`Token`, `r0`.`UsuarioId`
FROM (
    SELECT `u`.`Id`, `u`.`ApellidoMaterno`, `u`.`ApellidoPaterno`, `u`.`Email`, `u`.`Nombres`, `u`.`Password`, `u`.`Username`
    FROM `Usuario` AS `u`
    WHERE LOWER(`u`.`Username`) = @__ToLower_0
    LIMIT 1
) AS `t`
LEFT JOIN (
    SELECT `u0`.`UsuarioId`, `u0`.`RolId`, `r`.`Id`, `r`.`Nombre`
    FROM `UsuariosRoles` AS `u0`
    INNER JOIN `Rol` AS `r` ON `u0`.`RolId` = `r`.`Id`
) AS `t0` ON `t`.`Id` = `t0`.`UsuarioId`
LEFT JOIN `RefreshToken` AS `r0` ON `t`.`Id` = `r0`.`UsuarioId`
ORDER BY `t`.`Id`, `t0`.`UsuarioId`, `t0`.`RolId`, `t0`.`Id`
[2022-09-19 22:58:57.845 -05:00 INF] Executing OkObjectResult, writing value of type 'API.Dtos.DatosUsuarioDto'.
[2022-09-19 22:58:57.845 -05:00 INF] Executed action BeerSoft.API.Controllers.UsuariosController.GetTokenAsync (BeerSoft.API) in 50.0968ms
[2022-09-19 22:58:57.845 -05:00 INF] Executed endpoint 'BeerSoft.API.Controllers.UsuariosController.GetTokenAsync (BeerSoft.API)'
[2022-09-19 22:58:57.845 -05:00 INF] Request finished HTTP/2 POST https://localhost:5001/api/usuarios/token application/json 58 - 200 - application/json;+charset=utf-8 51.0662ms
