[2022-09-12 23:39:45.922 -05:00 INF] Entity Framework Core 6.0.8 initialized 'TiendaContext' using provider 'Pomelo.EntityFrameworkCore.MySql:6.0.2' with options: ServerVersion 8.0.28-mysql 
[2022-09-12 23:39:46.692 -05:00 INF] Executed DbCommand (65ms) [Parameters=[], CommandType='"Text"', CommandTimeout='30']
SELECT 1 FROM INFORMATION_SCHEMA.TABLES WHERE TABLE_SCHEMA='tiendaBD' AND TABLE_NAME='__EFMigrationsHistory';
[2022-09-12 23:39:46.781 -05:00 INF] Executed DbCommand (5ms) [Parameters=[], CommandType='"Text"', CommandTimeout='30']
SELECT 1 FROM INFORMATION_SCHEMA.TABLES WHERE TABLE_SCHEMA='tiendaBD' AND TABLE_NAME='__EFMigrationsHistory';
[2022-09-12 23:39:46.874 -05:00 INF] Executed DbCommand (11ms) [Parameters=[], CommandType='"Text"', CommandTimeout='30']
SELECT `MigrationId`, `ProductVersion`
FROM `__EFMigrationsHistory`
ORDER BY `MigrationId`;
[2022-09-12 23:39:46.909 -05:00 INF] No migrations were applied. The database is already up to date.
[2022-09-12 23:39:47.503 -05:00 INF] Executed DbCommand (2ms) [Parameters=[], CommandType='"Text"', CommandTimeout='30']
SELECT EXISTS (
    SELECT 1
    FROM `Marca` AS `m`)
[2022-09-12 23:39:47.515 -05:00 INF] Executed DbCommand (0ms) [Parameters=[], CommandType='"Text"', CommandTimeout='30']
SELECT EXISTS (
    SELECT 1
    FROM `Categoria` AS `c`)
[2022-09-12 23:39:47.519 -05:00 INF] Executed DbCommand (0ms) [Parameters=[], CommandType='"Text"', CommandTimeout='30']
SELECT EXISTS (
    SELECT 1
    FROM `Producto` AS `p`)
[2022-09-12 23:39:47.523 -05:00 INF] Executed DbCommand (0ms) [Parameters=[], CommandType='"Text"', CommandTimeout='30']
SELECT EXISTS (
    SELECT 1
    FROM `Rol` AS `r`)
[2022-09-12 23:39:47.701 -05:00 INF] User profile is available. Using 'C:\Users\diego.luna\AppData\Local\ASP.NET\DataProtection-Keys' as key repository and Windows DPAPI to encrypt keys at rest.
[2022-09-12 23:39:47.850 -05:00 INF] Now listening on: https://localhost:5001
[2022-09-12 23:39:47.854 -05:00 INF] Now listening on: http://localhost:5000
[2022-09-12 23:39:47.865 -05:00 INF] Application started. Press Ctrl+C to shut down.
[2022-09-12 23:39:47.869 -05:00 INF] Hosting environment: Development
[2022-09-12 23:39:47.872 -05:00 INF] Content root path: C:\ProyectosDiego\Core_Net6\BeerSoft.NetCore.Net6\BeerSoft.API\
[2022-09-12 23:39:55.427 -05:00 INF] Request starting HTTP/1.1 POST https://localhost:5001/api/productos application/json 114
[2022-09-12 23:39:55.983 -05:00 INF] Failed to validate the token.
Microsoft.IdentityModel.Tokens.SecurityTokenExpiredException: IDX10223: Lifetime validation failed. The token is expired. ValidTo: '13/09/2022 04:20:01 a. m.', Current time: '13/09/2022 04:39:55 a. m.'.
   at Microsoft.IdentityModel.Tokens.Validators.ValidateLifetime(Nullable`1 notBefore, Nullable`1 expires, SecurityToken securityToken, TokenValidationParameters validationParameters)
   at System.IdentityModel.Tokens.Jwt.JwtSecurityTokenHandler.ValidateTokenPayload(JwtSecurityToken jwtToken, TokenValidationParameters validationParameters, BaseConfiguration configuration)
   at System.IdentityModel.Tokens.Jwt.JwtSecurityTokenHandler.ValidateJWS(String token, TokenValidationParameters validationParameters, BaseConfiguration currentConfiguration, SecurityToken& signatureValidatedToken, ExceptionDispatchInfo& exceptionThrown)
--- End of stack trace from previous location ---
   at System.IdentityModel.Tokens.Jwt.JwtSecurityTokenHandler.ValidateToken(String token, JwtSecurityToken outerToken, TokenValidationParameters validationParameters, SecurityToken& signatureValidatedToken)
   at System.IdentityModel.Tokens.Jwt.JwtSecurityTokenHandler.ValidateToken(String token, TokenValidationParameters validationParameters, SecurityToken& validatedToken)
   at Microsoft.AspNetCore.Authentication.JwtBearer.JwtBearerHandler.HandleAuthenticateAsync()
[2022-09-12 23:39:56.047 -05:00 INF] Bearer was not authenticated. Failure message: IDX10223: Lifetime validation failed. The token is expired. ValidTo: '13/09/2022 04:20:01 a. m.', Current time: '13/09/2022 04:39:55 a. m.'.
[2022-09-12 23:39:56.060 -05:00 INF] Authorization failed. These requirements were not met:
RolesAuthorizationRequirement:User.IsInRole must be true for one of the following roles: (Administrador)
[2022-09-12 23:39:56.075 -05:00 INF] AuthenticationScheme: Bearer was challenged.
[2022-09-12 23:39:56.078 -05:00 INF] Bearer was not authenticated. Failure message: IDX10223: Lifetime validation failed. The token is expired. ValidTo: '13/09/2022 04:20:01 a. m.', Current time: '13/09/2022 04:39:55 a. m.'.
[2022-09-12 23:39:56.092 -05:00 INF] Request finished HTTP/1.1 POST https://localhost:5001/api/productos application/json 114 - 404 0 - 679.9649ms
[2022-09-12 23:47:39.886 -05:00 INF] Entity Framework Core 6.0.8 initialized 'TiendaContext' using provider 'Pomelo.EntityFrameworkCore.MySql:6.0.2' with options: ServerVersion 8.0.28-mysql 
[2022-09-12 23:47:40.639 -05:00 INF] Executed DbCommand (43ms) [Parameters=[], CommandType='"Text"', CommandTimeout='30']
SELECT 1 FROM INFORMATION_SCHEMA.TABLES WHERE TABLE_SCHEMA='tiendaBD' AND TABLE_NAME='__EFMigrationsHistory';
[2022-09-12 23:47:40.735 -05:00 INF] Executed DbCommand (3ms) [Parameters=[], CommandType='"Text"', CommandTimeout='30']
SELECT 1 FROM INFORMATION_SCHEMA.TABLES WHERE TABLE_SCHEMA='tiendaBD' AND TABLE_NAME='__EFMigrationsHistory';
[2022-09-12 23:47:40.816 -05:00 INF] Executed DbCommand (13ms) [Parameters=[], CommandType='"Text"', CommandTimeout='30']
SELECT `MigrationId`, `ProductVersion`
FROM `__EFMigrationsHistory`
ORDER BY `MigrationId`;
[2022-09-12 23:47:40.859 -05:00 INF] No migrations were applied. The database is already up to date.
[2022-09-12 23:47:41.310 -05:00 INF] Executed DbCommand (2ms) [Parameters=[], CommandType='"Text"', CommandTimeout='30']
SELECT EXISTS (
    SELECT 1
    FROM `Marca` AS `m`)
[2022-09-12 23:47:41.319 -05:00 INF] Executed DbCommand (0ms) [Parameters=[], CommandType='"Text"', CommandTimeout='30']
SELECT EXISTS (
    SELECT 1
    FROM `Categoria` AS `c`)
[2022-09-12 23:47:41.331 -05:00 INF] Executed DbCommand (0ms) [Parameters=[], CommandType='"Text"', CommandTimeout='30']
SELECT EXISTS (
    SELECT 1
    FROM `Producto` AS `p`)
[2022-09-12 23:47:41.335 -05:00 INF] Executed DbCommand (0ms) [Parameters=[], CommandType='"Text"', CommandTimeout='30']
SELECT EXISTS (
    SELECT 1
    FROM `Rol` AS `r`)
[2022-09-12 23:47:41.536 -05:00 INF] User profile is available. Using 'C:\Users\diego.luna\AppData\Local\ASP.NET\DataProtection-Keys' as key repository and Windows DPAPI to encrypt keys at rest.
[2022-09-12 23:47:41.712 -05:00 INF] Now listening on: https://localhost:5001
[2022-09-12 23:47:41.714 -05:00 INF] Now listening on: http://localhost:5000
[2022-09-12 23:47:41.723 -05:00 INF] Application started. Press Ctrl+C to shut down.
[2022-09-12 23:47:41.725 -05:00 INF] Hosting environment: Development
[2022-09-12 23:47:41.727 -05:00 INF] Content root path: C:\ProyectosDiego\Core_Net6\BeerSoft.NetCore.Net6\BeerSoft.API\
[2022-09-12 23:47:46.091 -05:00 INF] Request starting HTTP/1.1 POST https://localhost:5001/api/productos application/json 114
[2022-09-12 23:47:46.537 -05:00 INF] Failed to validate the token.
Microsoft.IdentityModel.Tokens.SecurityTokenExpiredException: IDX10223: Lifetime validation failed. The token is expired. ValidTo: '13/09/2022 04:20:01 a. m.', Current time: '13/09/2022 04:47:46 a. m.'.
   at Microsoft.IdentityModel.Tokens.Validators.ValidateLifetime(Nullable`1 notBefore, Nullable`1 expires, SecurityToken securityToken, TokenValidationParameters validationParameters)
   at System.IdentityModel.Tokens.Jwt.JwtSecurityTokenHandler.ValidateTokenPayload(JwtSecurityToken jwtToken, TokenValidationParameters validationParameters, BaseConfiguration configuration)
   at System.IdentityModel.Tokens.Jwt.JwtSecurityTokenHandler.ValidateJWS(String token, TokenValidationParameters validationParameters, BaseConfiguration currentConfiguration, SecurityToken& signatureValidatedToken, ExceptionDispatchInfo& exceptionThrown)
--- End of stack trace from previous location ---
   at System.IdentityModel.Tokens.Jwt.JwtSecurityTokenHandler.ValidateToken(String token, JwtSecurityToken outerToken, TokenValidationParameters validationParameters, SecurityToken& signatureValidatedToken)
   at System.IdentityModel.Tokens.Jwt.JwtSecurityTokenHandler.ValidateToken(String token, TokenValidationParameters validationParameters, SecurityToken& validatedToken)
   at Microsoft.AspNetCore.Authentication.JwtBearer.JwtBearerHandler.HandleAuthenticateAsync()
[2022-09-12 23:47:46.569 -05:00 INF] Bearer was not authenticated. Failure message: IDX10223: Lifetime validation failed. The token is expired. ValidTo: '13/09/2022 04:20:01 a. m.', Current time: '13/09/2022 04:47:46 a. m.'.
[2022-09-12 23:47:46.578 -05:00 INF] Authorization failed. These requirements were not met:
RolesAuthorizationRequirement:User.IsInRole must be true for one of the following roles: (Administrador)
[2022-09-12 23:47:46.589 -05:00 INF] AuthenticationScheme: Bearer was challenged.
[2022-09-12 23:47:46.592 -05:00 INF] Bearer was not authenticated. Failure message: IDX10223: Lifetime validation failed. The token is expired. ValidTo: '13/09/2022 04:20:01 a. m.', Current time: '13/09/2022 04:47:46 a. m.'.
[2022-09-12 23:47:46.607 -05:00 INF] Request finished HTTP/1.1 POST https://localhost:5001/api/productos application/json 114 - 404 0 - 520.1031ms
[2022-09-12 23:48:51.173 -05:00 INF] Request starting HTTP/1.1 POST https://localhost:5001/api/productos application/json 114
[2022-09-12 23:48:51.176 -05:00 INF] Failed to validate the token.
Microsoft.IdentityModel.Tokens.SecurityTokenExpiredException: IDX10223: Lifetime validation failed. The token is expired. ValidTo: '13/09/2022 04:20:01 a. m.', Current time: '13/09/2022 04:48:51 a. m.'.
   at Microsoft.IdentityModel.Tokens.Validators.ValidateLifetime(Nullable`1 notBefore, Nullable`1 expires, SecurityToken securityToken, TokenValidationParameters validationParameters)
   at System.IdentityModel.Tokens.Jwt.JwtSecurityTokenHandler.ValidateTokenPayload(JwtSecurityToken jwtToken, TokenValidationParameters validationParameters, BaseConfiguration configuration)
   at System.IdentityModel.Tokens.Jwt.JwtSecurityTokenHandler.ValidateJWS(String token, TokenValidationParameters validationParameters, BaseConfiguration currentConfiguration, SecurityToken& signatureValidatedToken, ExceptionDispatchInfo& exceptionThrown)
--- End of stack trace from previous location ---
   at System.IdentityModel.Tokens.Jwt.JwtSecurityTokenHandler.ValidateToken(String token, JwtSecurityToken outerToken, TokenValidationParameters validationParameters, SecurityToken& signatureValidatedToken)
   at System.IdentityModel.Tokens.Jwt.JwtSecurityTokenHandler.ValidateToken(String token, TokenValidationParameters validationParameters, SecurityToken& validatedToken)
   at Microsoft.AspNetCore.Authentication.JwtBearer.JwtBearerHandler.HandleAuthenticateAsync()
[2022-09-12 23:48:51.176 -05:00 INF] Bearer was not authenticated. Failure message: IDX10223: Lifetime validation failed. The token is expired. ValidTo: '13/09/2022 04:20:01 a. m.', Current time: '13/09/2022 04:48:51 a. m.'.
[2022-09-12 23:48:51.176 -05:00 INF] Authorization failed. These requirements were not met:
RolesAuthorizationRequirement:User.IsInRole must be true for one of the following roles: (Administrador)
[2022-09-12 23:48:51.177 -05:00 INF] AuthenticationScheme: Bearer was challenged.
[2022-09-12 23:48:51.177 -05:00 INF] Bearer was not authenticated. Failure message: IDX10223: Lifetime validation failed. The token is expired. ValidTo: '13/09/2022 04:20:01 a. m.', Current time: '13/09/2022 04:48:51 a. m.'.
[2022-09-12 23:48:51.177 -05:00 INF] Request finished HTTP/1.1 POST https://localhost:5001/api/productos application/json 114 - 404 0 - 3.7139ms
[2022-09-12 23:49:14.588 -05:00 INF] Request starting HTTP/1.1 POST https://localhost:5001/api/productos application/json 141
[2022-09-12 23:49:14.592 -05:00 INF] Failed to validate the token.
Microsoft.IdentityModel.Tokens.SecurityTokenExpiredException: IDX10223: Lifetime validation failed. The token is expired. ValidTo: '13/09/2022 04:20:01 a. m.', Current time: '13/09/2022 04:49:14 a. m.'.
   at Microsoft.IdentityModel.Tokens.Validators.ValidateLifetime(Nullable`1 notBefore, Nullable`1 expires, SecurityToken securityToken, TokenValidationParameters validationParameters)
   at System.IdentityModel.Tokens.Jwt.JwtSecurityTokenHandler.ValidateTokenPayload(JwtSecurityToken jwtToken, TokenValidationParameters validationParameters, BaseConfiguration configuration)
   at System.IdentityModel.Tokens.Jwt.JwtSecurityTokenHandler.ValidateJWS(String token, TokenValidationParameters validationParameters, BaseConfiguration currentConfiguration, SecurityToken& signatureValidatedToken, ExceptionDispatchInfo& exceptionThrown)
--- End of stack trace from previous location ---
   at System.IdentityModel.Tokens.Jwt.JwtSecurityTokenHandler.ValidateToken(String token, JwtSecurityToken outerToken, TokenValidationParameters validationParameters, SecurityToken& signatureValidatedToken)
   at System.IdentityModel.Tokens.Jwt.JwtSecurityTokenHandler.ValidateToken(String token, TokenValidationParameters validationParameters, SecurityToken& validatedToken)
   at Microsoft.AspNetCore.Authentication.JwtBearer.JwtBearerHandler.HandleAuthenticateAsync()
[2022-09-12 23:49:14.592 -05:00 INF] Bearer was not authenticated. Failure message: IDX10223: Lifetime validation failed. The token is expired. ValidTo: '13/09/2022 04:20:01 a. m.', Current time: '13/09/2022 04:49:14 a. m.'.
[2022-09-12 23:49:14.592 -05:00 INF] Authorization failed. These requirements were not met:
RolesAuthorizationRequirement:User.IsInRole must be true for one of the following roles: (Administrador)
[2022-09-12 23:49:14.593 -05:00 INF] AuthenticationScheme: Bearer was challenged.
[2022-09-12 23:49:14.593 -05:00 INF] Bearer was not authenticated. Failure message: IDX10223: Lifetime validation failed. The token is expired. ValidTo: '13/09/2022 04:20:01 a. m.', Current time: '13/09/2022 04:49:14 a. m.'.
[2022-09-12 23:49:14.593 -05:00 INF] Request finished HTTP/1.1 POST https://localhost:5001/api/productos application/json 141 - 404 0 - 4.8456ms
[2022-09-12 23:49:32.872 -05:00 INF] Request starting HTTP/1.1 POST https://localhost:5001/api/usuarios/token application/json 72
[2022-09-12 23:49:32.883 -05:00 INF] Executing endpoint 'BeerSoft.API.Controllers.UsuariosController.GetTokenAsync (BeerSoft.API)'
[2022-09-12 23:49:32.910 -05:00 INF] Route matched with {action = "GetToken", controller = "Usuarios"}. Executing controller action with signature System.Threading.Tasks.Task`1[Microsoft.AspNetCore.Mvc.IActionResult] GetTokenAsync(API.Dtos.LoginDto) on controller BeerSoft.API.Controllers.UsuariosController (BeerSoft.API).
[2022-09-12 23:49:32.969 -05:00 INF] Entity Framework Core 6.0.8 initialized 'TiendaContext' using provider 'Pomelo.EntityFrameworkCore.MySql:6.0.2' with options: ServerVersion 8.0.28-mysql 
[2022-09-12 23:49:33.537 -05:00 WRN] Compiling a query which loads related collections for more than one collection navigation, either via 'Include' or through projection, but no 'QuerySplittingBehavior' has been configured. By default, Entity Framework will use 'QuerySplittingBehavior.SingleQuery', which can potentially result in slow query performance. See https://go.microsoft.com/fwlink/?linkid=2134277 for more information. To identify the query that's triggering this warning call 'ConfigureWarnings(w => w.Throw(RelationalEventId.MultipleCollectionIncludeWarning))'.
[2022-09-12 23:49:33.670 -05:00 INF] Executed DbCommand (45ms) [Parameters=[@__ToLower_0='?' (Size = 200)], CommandType='"Text"', CommandTimeout='30']
SELECT `t`.`Id`, `t`.`ApellidoMaterno`, `t`.`ApellidoPaterno`, `t`.`Email`, `t`.`Nombres`, `t`.`Password`, `t`.`Username`, `t0`.`UsuarioId`, `t0`.`RolId`, `t0`.`Id`, `t0`.`Nombre`, `r0`.`Id`, `r0`.`Created`, `r0`.`Expires`, `r0`.`Revoked`, `r0`.`Token`, `r0`.`UsuarioId`
FROM (
    SELECT `u`.`Id`, `u`.`ApellidoMaterno`, `u`.`ApellidoPaterno`, `u`.`Email`, `u`.`Nombres`, `u`.`Password`, `u`.`Username`
    FROM `Usuario` AS `u`
    WHERE LOWER(`u`.`Username`) = @__ToLower_0
    LIMIT 1
) AS `t`
LEFT JOIN (
    SELECT `u0`.`UsuarioId`, `u0`.`RolId`, `r`.`Id`, `r`.`Nombre`
    FROM `UsuariosRoles` AS `u0`
    INNER JOIN `Rol` AS `r` ON `u0`.`RolId` = `r`.`Id`
) AS `t0` ON `t`.`Id` = `t0`.`UsuarioId`
LEFT JOIN `RefreshToken` AS `r0` ON `t`.`Id` = `r0`.`UsuarioId`
ORDER BY `t`.`Id`, `t0`.`UsuarioId`, `t0`.`RolId`, `t0`.`Id`
[2022-09-12 23:49:33.902 -05:00 INF] Executing OkObjectResult, writing value of type 'API.Dtos.DatosUsuarioDto'.
[2022-09-12 23:49:33.928 -05:00 INF] Executed action BeerSoft.API.Controllers.UsuariosController.GetTokenAsync (BeerSoft.API) in 1009.244ms
[2022-09-12 23:49:33.935 -05:00 INF] Executed endpoint 'BeerSoft.API.Controllers.UsuariosController.GetTokenAsync (BeerSoft.API)'
[2022-09-12 23:49:33.944 -05:00 INF] Request finished HTTP/1.1 POST https://localhost:5001/api/usuarios/token application/json 72 - 200 - application/json;+charset=utf-8 1072.5686ms
[2022-09-12 23:49:38.827 -05:00 INF] Request starting HTTP/1.1 POST https://localhost:5001/api/productos application/json 141
[2022-09-12 23:49:38.846 -05:00 INF] Executing endpoint 'BeerSoft.API.Controllers.ProductosController.Post (BeerSoft.API)'
[2022-09-12 23:49:38.849 -05:00 INF] Route matched with {action = "Post", controller = "Productos"}. Executing controller action with signature System.Threading.Tasks.Task`1[Microsoft.AspNetCore.Mvc.ActionResult`1[BeerSoft.Core.Entities.Producto]] Post(API.Dtos.ProductoAddUpdateDto) on controller BeerSoft.API.Controllers.ProductosController (BeerSoft.API).
[2022-09-12 23:49:47.690 -05:00 INF] Entity Framework Core 6.0.8 initialized 'TiendaContext' using provider 'Pomelo.EntityFrameworkCore.MySql:6.0.2' with options: ServerVersion 8.0.28-mysql 
[2022-09-12 23:49:48.592 -05:00 INF] Executed DbCommand (10ms) [Parameters=[@p0='?' (DbType = Int32), @p1='?' (DbType = DateTime), @p2='?' (DbType = Int32), @p3='?' (Size = 100), @p4='?' (DbType = Decimal)], CommandType='"Text"', CommandTimeout='30']
INSERT INTO `Producto` (`CategoriaId`, `FechaCreacion`, `MarcaId`, `Nombre`, `Precio`)
VALUES (@p0, @p1, @p2, @p3, @p4);
SELECT `Id`
FROM `Producto`
WHERE ROW_COUNT() = 1 AND `Id` = LAST_INSERT_ID();
[2022-09-12 23:49:53.028 -05:00 INF] Executing CreatedAtActionResult, writing value of type 'API.Dtos.ProductoAddUpdateDto'.
[2022-09-12 23:49:53.066 -05:00 INF] Executed action BeerSoft.API.Controllers.ProductosController.Post (BeerSoft.API) in 14217.4594ms
[2022-09-12 23:49:53.066 -05:00 INF] Executed endpoint 'BeerSoft.API.Controllers.ProductosController.Post (BeerSoft.API)'
[2022-09-12 23:49:53.068 -05:00 INF] Request finished HTTP/1.1 POST https://localhost:5001/api/productos application/json 141 - 201 - application/json;+charset=utf-8 14241.1884ms
[2022-09-12 23:50:01.682 -05:00 INF] Request starting HTTP/1.1 POST https://localhost:5001/api/productos application/json 114
[2022-09-12 23:50:01.682 -05:00 INF] Executing endpoint 'BeerSoft.API.Controllers.ProductosController.Post (BeerSoft.API)'
[2022-09-12 23:50:01.683 -05:00 INF] Route matched with {action = "Post", controller = "Productos"}. Executing controller action with signature System.Threading.Tasks.Task`1[Microsoft.AspNetCore.Mvc.ActionResult`1[BeerSoft.Core.Entities.Producto]] Post(API.Dtos.ProductoAddUpdateDto) on controller BeerSoft.API.Controllers.ProductosController (BeerSoft.API).
[2022-09-12 23:50:01.693 -05:00 INF] Executing BadRequestObjectResult, writing value of type 'API.Helpers.Errors.ApiValidation'.
[2022-09-12 23:50:01.695 -05:00 INF] Executed action BeerSoft.API.Controllers.ProductosController.Post (BeerSoft.API) in 11.9613ms
[2022-09-12 23:50:01.695 -05:00 INF] Executed endpoint 'BeerSoft.API.Controllers.ProductosController.Post (BeerSoft.API)'
[2022-09-12 23:50:01.695 -05:00 INF] Request finished HTTP/1.1 POST https://localhost:5001/api/productos application/json 114 - 400 - application/json;+charset=utf-8 13.3773ms
[2022-09-12 23:52:58.217 -05:00 INF] Entity Framework Core 6.0.8 initialized 'TiendaContext' using provider 'Pomelo.EntityFrameworkCore.MySql:6.0.2' with options: ServerVersion 8.0.28-mysql 
[2022-09-12 23:52:59.131 -05:00 INF] Executed DbCommand (34ms) [Parameters=[], CommandType='"Text"', CommandTimeout='30']
SELECT 1 FROM INFORMATION_SCHEMA.TABLES WHERE TABLE_SCHEMA='tiendaBD' AND TABLE_NAME='__EFMigrationsHistory';
[2022-09-12 23:52:59.225 -05:00 INF] Executed DbCommand (1ms) [Parameters=[], CommandType='"Text"', CommandTimeout='30']
SELECT 1 FROM INFORMATION_SCHEMA.TABLES WHERE TABLE_SCHEMA='tiendaBD' AND TABLE_NAME='__EFMigrationsHistory';
[2022-09-12 23:52:59.298 -05:00 INF] Executed DbCommand (13ms) [Parameters=[], CommandType='"Text"', CommandTimeout='30']
SELECT `MigrationId`, `ProductVersion`
FROM `__EFMigrationsHistory`
ORDER BY `MigrationId`;
[2022-09-12 23:52:59.343 -05:00 INF] No migrations were applied. The database is already up to date.
[2022-09-12 23:52:59.972 -05:00 INF] Executed DbCommand (2ms) [Parameters=[], CommandType='"Text"', CommandTimeout='30']
SELECT EXISTS (
    SELECT 1
    FROM `Marca` AS `m`)
[2022-09-12 23:52:59.986 -05:00 INF] Executed DbCommand (1ms) [Parameters=[], CommandType='"Text"', CommandTimeout='30']
SELECT EXISTS (
    SELECT 1
    FROM `Categoria` AS `c`)
[2022-09-12 23:52:59.992 -05:00 INF] Executed DbCommand (1ms) [Parameters=[], CommandType='"Text"', CommandTimeout='30']
SELECT EXISTS (
    SELECT 1
    FROM `Producto` AS `p`)
[2022-09-12 23:52:59.997 -05:00 INF] Executed DbCommand (1ms) [Parameters=[], CommandType='"Text"', CommandTimeout='30']
SELECT EXISTS (
    SELECT 1
    FROM `Rol` AS `r`)
[2022-09-12 23:53:00.232 -05:00 INF] User profile is available. Using 'C:\Users\diego.luna\AppData\Local\ASP.NET\DataProtection-Keys' as key repository and Windows DPAPI to encrypt keys at rest.
[2022-09-12 23:53:00.432 -05:00 INF] Now listening on: https://localhost:5001
[2022-09-12 23:53:00.440 -05:00 INF] Now listening on: http://localhost:5000
[2022-09-12 23:53:00.462 -05:00 INF] Application started. Press Ctrl+C to shut down.
[2022-09-12 23:53:00.464 -05:00 INF] Hosting environment: Development
[2022-09-12 23:53:00.475 -05:00 INF] Content root path: C:\ProyectosDiego\Core_Net6\BeerSoft.NetCore.Net6\BeerSoft.API\
[2022-09-12 23:53:18.368 -05:00 INF] Request starting HTTP/1.1 PUT https://localhost:5001/api/productos/1000 application/json 148
[2022-09-12 23:53:19.001 -05:00 INF] Failed to validate the token.
Microsoft.IdentityModel.Tokens.SecurityTokenExpiredException: IDX10223: Lifetime validation failed. The token is expired. ValidTo: '13/09/2022 04:50:33 a. m.', Current time: '13/09/2022 04:53:18 a. m.'.
   at Microsoft.IdentityModel.Tokens.Validators.ValidateLifetime(Nullable`1 notBefore, Nullable`1 expires, SecurityToken securityToken, TokenValidationParameters validationParameters)
   at System.IdentityModel.Tokens.Jwt.JwtSecurityTokenHandler.ValidateTokenPayload(JwtSecurityToken jwtToken, TokenValidationParameters validationParameters, BaseConfiguration configuration)
   at System.IdentityModel.Tokens.Jwt.JwtSecurityTokenHandler.ValidateJWS(String token, TokenValidationParameters validationParameters, BaseConfiguration currentConfiguration, SecurityToken& signatureValidatedToken, ExceptionDispatchInfo& exceptionThrown)
--- End of stack trace from previous location ---
   at System.IdentityModel.Tokens.Jwt.JwtSecurityTokenHandler.ValidateToken(String token, JwtSecurityToken outerToken, TokenValidationParameters validationParameters, SecurityToken& signatureValidatedToken)
   at System.IdentityModel.Tokens.Jwt.JwtSecurityTokenHandler.ValidateToken(String token, TokenValidationParameters validationParameters, SecurityToken& validatedToken)
   at Microsoft.AspNetCore.Authentication.JwtBearer.JwtBearerHandler.HandleAuthenticateAsync()
[2022-09-12 23:53:19.050 -05:00 INF] Bearer was not authenticated. Failure message: IDX10223: Lifetime validation failed. The token is expired. ValidTo: '13/09/2022 04:50:33 a. m.', Current time: '13/09/2022 04:53:18 a. m.'.
[2022-09-12 23:53:19.061 -05:00 INF] Authorization failed. These requirements were not met:
RolesAuthorizationRequirement:User.IsInRole must be true for one of the following roles: (Administrador)
[2022-09-12 23:53:19.075 -05:00 INF] AuthenticationScheme: Bearer was challenged.
[2022-09-12 23:53:19.080 -05:00 INF] Bearer was not authenticated. Failure message: IDX10223: Lifetime validation failed. The token is expired. ValidTo: '13/09/2022 04:50:33 a. m.', Current time: '13/09/2022 04:53:18 a. m.'.
[2022-09-12 23:53:19.107 -05:00 INF] Request finished HTTP/1.1 PUT https://localhost:5001/api/productos/1000 application/json 148 - 404 0 - 740.3081ms
[2022-09-12 23:59:55.813 -05:00 INF] Request starting HTTP/1.1 PUT https://localhost:5001/api/productos/1000 application/json 148
[2022-09-12 23:59:55.818 -05:00 INF] Failed to validate the token.
Microsoft.IdentityModel.Tokens.SecurityTokenExpiredException: IDX10223: Lifetime validation failed. The token is expired. ValidTo: '13/09/2022 04:50:33 a. m.', Current time: '13/09/2022 04:59:55 a. m.'.
   at Microsoft.IdentityModel.Tokens.Validators.ValidateLifetime(Nullable`1 notBefore, Nullable`1 expires, SecurityToken securityToken, TokenValidationParameters validationParameters)
   at System.IdentityModel.Tokens.Jwt.JwtSecurityTokenHandler.ValidateTokenPayload(JwtSecurityToken jwtToken, TokenValidationParameters validationParameters, BaseConfiguration configuration)
   at System.IdentityModel.Tokens.Jwt.JwtSecurityTokenHandler.ValidateJWS(String token, TokenValidationParameters validationParameters, BaseConfiguration currentConfiguration, SecurityToken& signatureValidatedToken, ExceptionDispatchInfo& exceptionThrown)
--- End of stack trace from previous location ---
   at System.IdentityModel.Tokens.Jwt.JwtSecurityTokenHandler.ValidateToken(String token, JwtSecurityToken outerToken, TokenValidationParameters validationParameters, SecurityToken& signatureValidatedToken)
   at System.IdentityModel.Tokens.Jwt.JwtSecurityTokenHandler.ValidateToken(String token, TokenValidationParameters validationParameters, SecurityToken& validatedToken)
   at Microsoft.AspNetCore.Authentication.JwtBearer.JwtBearerHandler.HandleAuthenticateAsync()
[2022-09-12 23:59:55.818 -05:00 INF] Bearer was not authenticated. Failure message: IDX10223: Lifetime validation failed. The token is expired. ValidTo: '13/09/2022 04:50:33 a. m.', Current time: '13/09/2022 04:59:55 a. m.'.
[2022-09-12 23:59:55.818 -05:00 INF] Authorization failed. These requirements were not met:
RolesAuthorizationRequirement:User.IsInRole must be true for one of the following roles: (Administrador)
[2022-09-12 23:59:55.819 -05:00 INF] AuthenticationScheme: Bearer was challenged.
[2022-09-12 23:59:55.819 -05:00 INF] Bearer was not authenticated. Failure message: IDX10223: Lifetime validation failed. The token is expired. ValidTo: '13/09/2022 04:50:33 a. m.', Current time: '13/09/2022 04:59:55 a. m.'.
[2022-09-12 23:59:55.819 -05:00 INF] Request finished HTTP/1.1 PUT https://localhost:5001/api/productos/1000 application/json 148 - 404 0 - 5.7765ms
